"../../../../../../Work/GameCreationSociety/HeavenVR_MasterProject/HeavenVR2/Content/_blueprints/Player/BP_VRChar.uasset" 0
"../../../../../../Work/GameCreationSociety/HeavenVR_MasterProject/HeavenVR2/Content/_Assets/CustomHand/Physics/FirstPersonHand_PhysicsAsset.uasset" 1
"../../../../../../Work/GameCreationSociety/HeavenVR_MasterProject/HeavenVR2/Content/_Assets/CustomHand/Texture/Tattoos/FPH_Tattoo_1A.uasset" 2
"../../../../../../Work/GameCreationSociety/HeavenVR_MasterProject/HeavenVR2/Content/_Assets/CustomHand/Texture/FPH_SSS-Nail-Palm_Mask.uasset" 3
"../../../../../../Work/GameCreationSociety/HeavenVR_MasterProject/HeavenVR2/Content/_Assets/CustomHand/Texture/FPH_Normals.uasset" 4
"../../../../../../Work/GameCreationSociety/HeavenVR_MasterProject/HeavenVR2/Content/_Assets/CustomHand/Texture/FPH_MetalSmooth.uasset" 5
"../../../../../../Work/GameCreationSociety/HeavenVR_MasterProject/HeavenVR2/Content/_Assets/CustomHand/Texture/FPH_Albedo.uasset" 6
"../../../../../../Work/GameCreationSociety/HeavenVR_MasterProject/HeavenVR2/Content/_Assets/CustomHand/Texture/Blood/FPH_Blood1A.uasset" 7
"../../../../../../Work/GameCreationSociety/HeavenVR_MasterProject/HeavenVR2/Content/_Assets/CustomHand/Materials/Hand_Mat_Master.uasset" 8
"../../../../../../Work/GameCreationSociety/HeavenVR_MasterProject/HeavenVR2/Content/_Assets/CustomHand/Materials/Instances/Hand_MatInst_Tan.uasset" 9
"../../../Engine/Content/EngineMeshes/Humanoid.uasset" 10
"../../../../../../Work/GameCreationSociety/HeavenVR_MasterProject/HeavenVR2/Content/_Assets/CustomHand/Skeleton/FirstPersonHand_Skeleton.uasset" 11
"../../../../../../Work/GameCreationSociety/HeavenVR_MasterProject/HeavenVR2/Content/_Assets/CustomHand/Mesh/FirstPersonHand.uasset" 12
"../../../../../../Work/GameCreationSociety/HeavenVR_MasterProject/HeavenVR2/Content/_Assets/CustomHand/Anim/FPH_PoseSpread.uasset" 13
"../../../../../../Work/GameCreationSociety/HeavenVR_MasterProject/HeavenVR2/Content/_Assets/CustomHand/Anim/FPH_PoseFist.uasset" 14
"../../../../../../Work/GameCreationSociety/HeavenVR_MasterProject/HeavenVR2/Content/_Assets/CustomHand/Anim/3FingerGrip.uasset" 15
"../../../../../../Work/GameCreationSociety/HeavenVR_MasterProject/HeavenVR2/Content/_Assets/CustomHand/Anim/BS_Grip.uasset" 16
"../../../../../../Work/GameCreationSociety/HeavenVR_MasterProject/HeavenVR2/Content/_Assets/CustomHand/Anim/FPH_PoseAoK.uasset" 17
"../../../../../../Work/GameCreationSociety/HeavenVR_MasterProject/HeavenVR2/Content/_Assets/CustomHand/Anim/BS2_Grip.uasset" 18
"../../../Engine/Content/EditorBlueprintResources/StandardMacros.uasset" 19
"../../../../../../Work/GameCreationSociety/HeavenVR_MasterProject/HeavenVR2/Content/_Assets/CustomHand/Anim/BP_Hand_Anim.uasset" 20
"../../../../../../Work/GameCreationSociety/HeavenVR_MasterProject/HeavenVR2/Content/_Assets/SimpleSummerTrees/Textures/ForestGround/ForestGround01_Albedo.uasset" 21
"../../../../../../Work/GameCreationSociety/HeavenVR_MasterProject/HeavenVR2/Content/_Assets/Meshes/CubeMaterial.uasset" 22
"../../../../../../Work/GameCreationSociety/HeavenVR_MasterProject/HeavenVR2/Content/_Assets/Meshes/1M_Cube.uasset" 23
"../../../../../../Work/GameCreationSociety/HeavenVR_MasterProject/HeavenVR2/Content/_Assets/Items/thumbnails/stick3.uasset" 24
"../../../../../../Work/GameCreationSociety/HeavenVR_MasterProject/HeavenVR2/Content/_Assets/Items/thumbnails/stick2.uasset" 25
"../../../../../../Work/GameCreationSociety/HeavenVR_MasterProject/HeavenVR2/Content/_Assets/Items/thumbnails/stick1.uasset" 26
"../../../../../../Work/GameCreationSociety/HeavenVR_MasterProject/HeavenVR2/Content/_Assets/Items/thumbnails/snake.uasset" 27
"../../../../../../Work/GameCreationSociety/HeavenVR_MasterProject/HeavenVR2/Content/_Assets/Items/thumbnails/meat.uasset" 28
"../../../../../../Work/GameCreationSociety/HeavenVR_MasterProject/HeavenVR2/Content/_Assets/Items/thumbnails/bark.uasset" 29
"../../../../../../Work/GameCreationSociety/HeavenVR_MasterProject/HeavenVR2/Content/_Assets/Items/thumbnails/applecore.uasset" 30
"../../../Engine/Content/Functions/Engine_MaterialFunctions02/WorldPositionOffset/Wind.uasset" 31
"../../../../../../Work/GameCreationSociety/HeavenVR_MasterProject/HeavenVR2/Content/_Assets/Foilage/Trees/textures/Leaves/Tree_1_Leaves.uasset" 32
"../../../Engine/Content/EngineMaterials/BlendFunc_DefBlend.uasset" 33
"../../../Engine/Content/EngineMaterials/BlendFunc_DefBase.uasset" 34
"../../../Engine/Content/Functions/Engine_MaterialFunctions03/Blends/Blend_Overlay.uasset" 35
"../../../Engine/Content/Functions/Engine_MaterialFunctions01/WorldPositionOffset/SimpleGrassWind.uasset" 36
"../../../Engine/Content/Functions/Engine_MaterialFunctions01/SpeedTree/SpeedTreeColorVariation.uasset" 37
"../../../../../../Work/GameCreationSociety/HeavenVR_MasterProject/HeavenVR2/Content/_Assets/Foilage/Trees/materials/M_Master_Leaf.uasset" 38
"../../../../../../Work/GameCreationSociety/HeavenVR_MasterProject/HeavenVR2/Content/_Assets/Foilage/Trees/textures/Tree_Bark_Occlusion_2k.uasset" 39
"../../../../../../Work/GameCreationSociety/HeavenVR_MasterProject/HeavenVR2/Content/_Assets/Foilage/Trees/textures/Tree_bark_Normal_2k.uasset" 40
"../../../../../../Work/GameCreationSociety/HeavenVR_MasterProject/HeavenVR2/Content/_Assets/Foilage/Trees/textures/Tree_Bark_2k.uasset" 41
"../../../../../../Work/GameCreationSociety/HeavenVR_MasterProject/HeavenVR2/Content/_Assets/Foilage/Trees/materials/M_Tree.uasset" 42
"../../../../../../Work/GameCreationSociety/HeavenVR_MasterProject/HeavenVR2/Content/_Assets/Items/stick3.uasset" 43
"../../../../../../Work/GameCreationSociety/HeavenVR_MasterProject/HeavenVR2/Content/_Assets/Foilage/Trees/textures/Leaves/leaves3.uasset" 44
"../../../../../../Work/GameCreationSociety/HeavenVR_MasterProject/HeavenVR2/Content/_Assets/Foilage/Trees/materials/M_Leave3.uasset" 45
"../../../../../../Work/GameCreationSociety/HeavenVR_MasterProject/HeavenVR2/Content/_Assets/Items/stick2.uasset" 46
"../../../../../../Work/GameCreationSociety/HeavenVR_MasterProject/HeavenVR2/Content/_Assets/Foilage/Trees/textures/Leaves/leaves2.uasset" 47
"../../../../../../Work/GameCreationSociety/HeavenVR_MasterProject/HeavenVR2/Content/_Assets/Foilage/Trees/materials/M_Leave2.uasset" 48
"../../../../../../Work/GameCreationSociety/HeavenVR_MasterProject/HeavenVR2/Content/_Assets/Items/stick1.uasset" 49
"../../../../../../Work/GameCreationSociety/HeavenVR_MasterProject/HeavenVR2/Content/_Assets/Items/snake.uasset" 50
"../../../../../../Work/GameCreationSociety/HeavenVR_MasterProject/HeavenVR2/Content/_Assets/Items/Textures/Meat/Meat_lambert1_BaseColor.uasset" 51
"../../../../../../Work/GameCreationSociety/HeavenVR_MasterProject/HeavenVR2/Content/_Assets/Items/Textures/Meat/M_Meat.uasset" 52
"../../../../../../Work/GameCreationSociety/HeavenVR_MasterProject/HeavenVR2/Content/_Assets/Items/Meat.uasset" 53
"../../../../../../Work/GameCreationSociety/HeavenVR_MasterProject/HeavenVR2/Content/_Assets/Items/bark.uasset" 54
"../../../../../../Work/GameCreationSociety/HeavenVR_MasterProject/HeavenVR2/Content/_Assets/Items/Textures/AppleCore/AppleCore_lambert1_BaseColor.uasset" 55
"../../../../../../Work/GameCreationSociety/HeavenVR_MasterProject/HeavenVR2/Content/_Assets/Items/Textures/AppleCore/M_AppleCore.uasset" 56
"../../../../../../Work/GameCreationSociety/HeavenVR_MasterProject/HeavenVR2/Content/_Assets/Items/AppleCore.uasset" 57
"../../../../../../Work/GameCreationSociety/HeavenVR_MasterProject/HeavenVR2/Content/_blueprints/Inventory/ItemData.uasset" 58
"../../../../../../Work/GameCreationSociety/HeavenVR_MasterProject/HeavenVR2/Content/_blueprints/Inventory/BP_Item.uasset" 59
"../../../../../../Work/GameCreationSociety/HeavenVR_MasterProject/HeavenVR2/Content/_blueprints/Inventory/BP_Weapon.uasset" 60
"../../../../../../Work/GameCreationSociety/HeavenVR_MasterProject/HeavenVR2/Content/_blueprints/Player/BP_SimplifiedVRChar_Legacy.uasset" 61
"../../../../../../Work/GameCreationSociety/HeavenVR_MasterProject/HeavenVR2/Content/_blueprints/HeavenVRGameMode.uasset" 62
"../../../Engine/Content/Animation/DefaultAnimBoneCompressionSettings.uasset" 63
"../../../Engine/Content/Animation/DefaultAnimCurveCompressionSettings.uasset" 64
"../../../Engine/Content/Functions/Engine_MaterialFunctions01/Opacity/CameraDepthFade.uasset" 65
"../../../Engine/Content/EngineMaterials/T_Default_Material_Grid_N.uasset" 66
"../../../Engine/Content/EngineMaterials/T_Default_Material_Grid_M.uasset" 67
"../../../Engine/Content/EngineMaterials/WorldGridMaterial.uasset" 68
"../../../Engine/Content/ArtTools/RenderToTexture/Meshes/S_1_Unit_Plane.uasset" 69
"../../../Engine/Content/EngineMaterials/DefaultMaterial.uasset" 70
"../../../Engine/Content/BasicShapes/Cone.uasset" 71
"../../../Engine/Content/BasicShapes/Cube.uasset" 72
"../../../Engine/Content/BasicShapes/Plane.uasset" 73
"../../../Engine/Content/EditorLandscapeResources/DataLayer.uasset" 74
"../../../Engine/Content/EditorLandscapeResources/DefaultAlphaTexture.uasset" 75
"../../../Engine/Content/EditorMaterials/MAT_Groups_Toggle.uasset" 76
"../../../Engine/Content/EditorMaterials/MAT_Groups_Visibility.uasset" 77
"../../../Engine/Content/EditorMaterials/PreviewShadowIndicator.uasset" 78
"../../../Engine/Content/EditorMaterials/PreviewShadowIndicatorMaterial.uasset" 79
"../../../Engine/Content/EditorMaterials/MatineeGroups/MAT_ColorTrack.uasset" 80
"../../../Engine/Content/EditorMaterials/MatineeGroups/MAT_Groups_Anim.uasset" 81
"../../../Engine/Content/EditorMaterials/MatineeGroups/MAT_Groups_AudioMaster.uasset" 82
"../../../Engine/Content/EditorMaterials/MatineeGroups/MAT_Groups_Director.uasset" 83
"../../../Engine/Content/EditorMaterials/MatineeGroups/MAT_Groups_Event.uasset" 84
"../../../Engine/Content/EditorMaterials/MatineeGroups/MAT_Groups_Fade.uasset" 85
"../../../Engine/Content/EditorMaterials/MatineeGroups/MAT_Groups_Float.uasset" 86
"../../../Engine/Content/EditorMaterials/MatineeGroups/MAT_Groups_Move.uasset" 87
"../../../Engine/Content/EditorMaterials/MatineeGroups/MAT_Groups_Slomo.uasset" 88
"../../../Engine/Content/EditorMaterials/MatineeGroups/MAT_Groups_Sound.uasset" 89
"../../../Engine/Content/EditorMaterials/MatineeGroups/MAT_Groups_Vector.uasset" 90
"../../../Engine/Content/EditorMaterials/ParticleSystems/PSysThumbnail_NoImage.uasset" 91
"../../../Engine/Content/EditorMaterials/ParticleSystems/PSysThumbnail_OOD.uasset" 92
"../../../Engine/Content/EditorMaterials/Camera/CineMat.uasset" 93
"../../../Engine/Content/EditorMaterials/Camera/MI_CineMat_Rig.uasset" 94
"../../../Engine/Content/EditorMeshes/Camera/SM_CraneRig_Arm.uasset" 95
"../../../Engine/Content/EditorMeshes/Camera/SM_CraneRig_Base.uasset" 96
"../../../Engine/Content/EditorMeshes/Camera/SM_CraneRig_Body.uasset" 97
"../../../Engine/Content/EditorMeshes/Camera/SM_CraneRig_Mount.uasset" 98
"../../../Engine/Content/EditorMeshes/Camera/SM_RailRig_Mount.uasset" 99
"../../../Engine/Content/EditorMeshes/Camera/SM_RailRig_Track.uasset" 100
"../../../Engine/Content/EditorResources/BSPVertex.uasset" 101
"../../../Engine/Content/EditorResources/EmptyActor.uasset" 102
"../../../Engine/Content/EditorResources/S_Actor.uasset" 103
"../../../Engine/Content/EditorResources/S_Note.uasset" 104
"../../../Engine/Content/EditorResources/S_Solver.uasset" 105
"../../../Engine/Content/EditorResources/S_Terrain.uasset" 106
"../../../Engine/Content/EditorResources/S_Trigger.uasset" 107
"../../../Engine/Content/EditorResources/LightIcons/S_LightError.uasset" 108
"../../../Engine/Content/EditorResources/SequenceRecorder/Countdown.uasset" 109
"../../../Engine/Content/EditorResources/SequenceRecorder/RecordingIndicator.uasset" 110
"../../../Engine/Content/EngineDamageTypes/DmgTypeBP_Environmental.uasset" 111
"../../../Engine/Content/EngineDebugMaterials/DebugEditorMaterial.uasset" 112
"../../../Engine/Content/EngineDebugMaterials/DebugMeshMaterial.uasset" 113
"../../../Engine/Content/EngineDebugMaterials/M_SimpleUnlitTranslucent.uasset" 114
"../../../Engine/Content/EngineDebugMaterials/VolumeToRender.uasset" 115
"../../../Engine/Content/Functions/Engine_MaterialFunctions02/Utility/CameraDirectionVector.uasset" 116
"../../../Engine/Content/EngineDebugMaterials/M_VolumeRenderSphereTracePP.uasset" 117
"../../../Engine/Content/Functions/Engine_MaterialFunctions01/Shading/ConvertFromDiffSpec.uasset" 118
"../../../Engine/Content/EngineDebugMaterials/VertexColorMaterial.uasset" 119
"../../../Engine/Content/EngineDebugMaterials/WireframeMaterial.uasset" 120
"../../../Engine/Content/EngineFonts/Faces/RobotoRegular.uasset" 121
"../../../Engine/Content/EngineFonts/Faces/RobotoLight.uasset" 122
"../../../Engine/Content/EngineFonts/Faces/RobotoItalic.uasset" 123
"../../../Engine/Content/EngineFonts/Faces/RobotoBoldItalic.uasset" 124
"../../../Engine/Content/EngineFonts/Faces/RobotoBold.uasset" 125
"../../../Engine/Content/EngineFonts/Faces/DroidSansFallback.uasset" 126
"../../../Engine/Content/EngineFonts/Roboto.uasset" 127
"../../../Engine/Content/EngineMaterials/BaseFlattenNormalMap.uasset" 128
"../../../Engine/Content/EngineMaterials/BaseFlattenGrayscaleMap.uasset" 129
"../../../Engine/Content/EngineMaterials/BaseFlattenEmissiveMap.uasset" 130
"../../../Engine/Content/EngineMaterials/BaseFlattenDiffuseMap.uasset" 131
"../../../Engine/Content/EngineMaterials/BaseFlattenMaterial.uasset" 132
"../../../Engine/Content/EngineMaterials/BlueNoise.uasset" 133
"../../../Engine/Content/EngineMaterials/DefaultBloomKernel.uasset" 134
"../../../Engine/Content/EngineMaterials/DefaultBokeh.uasset" 135
"../../../Engine/Content/EngineMaterials/DefaultDiffuse.uasset" 136
"../../../Engine/Content/EngineMaterials/DefaultDeferredDecalMaterial.uasset" 137
"../../../Engine/Content/EngineMaterials/DefaultLightFunctionMaterial.uasset" 138
"../../../Engine/Content/EngineMaterials/DefaultPhysicalMaterial.uasset" 139
"../../../Engine/Content/Functions/Engine_MaterialFunctions02/Utility/BreakOutFloat2Components.uasset" 140
"../../../Engine/Content/EngineMaterials/DefaultPostProcessMaterial.uasset" 141
"../../../Engine/Content/EngineFonts/RobotoDistanceField.uasset" 142
"../../../Engine/Content/EngineMaterials/DefaultTextMaterialOpaque.uasset" 143
"../../../Engine/Content/EngineMaterials/DefaultWhiteGrid_Low.uasset" 144
"../../../Engine/Content/EngineMaterials/EmissiveMeshMaterial.uasset" 145
"../../../Engine/Content/EngineMaterials/GizmoMaterial.uasset" 146
"../../../Engine/Content/EngineMaterials/Good64x64TilingNoiseHighFreq.uasset" 147
"../../../Engine/Content/EngineMaterials/MiniFont.uasset" 148
"../../../Engine/Content/EngineMaterials/InvalidLightmapSettings.uasset" 149
"../../../Engine/Content/EngineMaterials/M_InvalidLightmapSettings.uasset" 150
"../../../Engine/Content/Functions/Engine_MaterialFunctions02/WorldPositionOffset/CameraOffset.uasset" 151
"../../../Engine/Content/EngineMaterials/PhAT_JointLimitMaterial.uasset" 152
"../../../Engine/Content/EngineMaterials/PreintegratedSkinBRDF.uasset" 153
"../../../Engine/Content/EngineMaterials/RemoveSurfaceMaterial.uasset" 154
"../../../Engine/Content/EngineMaterials/WeightMapPlaceholderTexture.uasset" 155
"../../../Engine/Content/EngineResources/WhiteSquareTexture.uasset" 156
"../../../Engine/Content/EngineMaterials/Widget3DPassThrough.uasset" 157
"../../../Engine/Content/EngineMaterials/Widget3DPassThrough_Masked.uasset" 158
"../../../Engine/Content/EngineMaterials/Widget3DPassThrough_Opaque.uasset" 159
"../../../Engine/Content/EngineMaterials/Widget3DPassThrough_Masked_OneSided.uasset" 160
"../../../Engine/Content/EngineMaterials/Widget3DPassThrough_Opaque_OneSided.uasset" 161
"../../../Engine/Content/EngineMaterials/Widget3DPassThrough_Translucent.uasset" 162
"../../../Engine/Content/EngineMaterials/Widget3DPassThrough_Translucent_OneSided.uasset" 163
"../../../Engine/Content/EngineMeshes/Cylinder.uasset" 164
"../../../Engine/Content/EngineMeshes/Sphere.uasset" 165
"../../../Engine/Content/EngineResources/Black.uasset" 166
"../../../Engine/Content/EngineResources/DefaultTextureCube.uasset" 167
"../../../Engine/Content/EngineResources/DefaultVolumeTexture2D.uasset" 168
"../../../Engine/Content/EngineResources/DefaultVolumeTexture.uasset" 169
"../../../Engine/Content/EngineResources/GradientTexture0.uasset" 170
"../../../Engine/Content/EngineSky/VolumetricClouds/T_NoiseShape64.uasset" 171
"../../../Engine/Content/EngineSky/VolumetricClouds/T_VolumeNoiseShape64.uasset" 172
"../../../Engine/Content/EngineSky/VolumetricClouds/T_NoiseErosion.uasset" 173
"../../../Engine/Content/EngineSky/VolumetricClouds/T_VolumeNoiseErosion32.uasset" 174
"../../../Engine/Content/EngineSky/VolumetricClouds/CloudWeatherTexture.uasset" 175
"../../../Engine/Content/EngineSky/VolumetricClouds/CloudGradientTexture.uasset" 176
"../../../Engine/Content/Functions/Engine_MaterialFunctions02/Utility/MakeFloat2.uasset" 177
"../../../Engine/Content/EngineSky/VolumetricClouds/m_SimpleVolumetricCloud.uasset" 178
"../../../Engine/Content/EngineSky/VolumetricClouds/m_SimpleVolumetricCloud_Inst.uasset" 179
"../../../Engine/Content/EngineSounds/Master.uasset" 180
"../../../Engine/Content/Functions/Engine_MaterialFunctions01/Shading/PowerToRoughness.uasset" 181
"../../../Engine/Content/Maps/Templates/Thumbnails/Default.uasset" 182
"../../../Engine/Content/Maps/Templates/Thumbnails/TimeOfDay.uasset" 183
"../../../Engine/Content/Maps/Templates/Thumbnails/VR-Basic.uasset" 184
"../../../Engine/Content/MobileResources/T_MobileControls_texture.uasset" 185
"../../../Engine/Content/MobileResources/T_MobileMenu2.uasset" 186
"../../../Engine/Content/MobileResources/HUD/AnalogHat.uasset" 187
"../../../Engine/Content/MobileResources/HUD/VirtualJoystick_Thumb.uasset" 188
"../../../Engine/Content/MobileResources/HUD/VirtualJoystick_Background.uasset" 189
"../../../Engine/Content/MobileResources/HUD/DefaultVirtualJoysticks.uasset" 190
"../../../Engine/Content/MobileResources/HUD/LeftVirtualJoystickOnly.uasset" 191
"../../../Engine/Content/MobileResources/HUD/MobileHUDButton1_off.uasset" 192
"../../../Engine/Content/MobileResources/HUD/MobileHUDButton1_on.uasset" 193
"../../../Engine/Content/MobileResources/HUD/MobileHUDButton2_off.uasset" 194
"../../../Engine/Content/MobileResources/HUD/MobileHUDButton2_on.uasset" 195
"../../../Engine/Content/MobileResources/HUD/MobileHUDButton3.uasset" 196
"../../../Engine/Content/MobileResources/HUD/MobileHUDButtonFire.uasset" 197
"../../../Engine/Content/MobileResources/HUD/MobileHUDDirectionPad.uasset" 198
"../../../Engine/Content/MobileResources/HUD/MobileHUDDirectionPad2.uasset" 199
"../../../Engine/Content/MobileResources/HUD/MobileHUDDirectionPad3.uasset" 200
"../../../Engine/Content/MobileResources/HUD/MobileHUDDirectionStick.uasset" 201
"../../../Engine/Content/MobileResources/HUD/T_Castle_ThumbstickInner.uasset" 202
"../../../Engine/Content/MobileResources/HUD/T_Castle_ThumbstickOutter.uasset" 203
"../../../Engine/Content/Tutorial/ContentIntroCurve.uasset" 204
"../../../Engine/Content/Tutorial/Basics/LevelEditorAttract.uasset" 205
"../../../Engine/Content/VREditor/TransformGizmo/TranslucentTransformGizmoMaterial.uasset" 206
"../../../Engine/Content/VREditor/LaserPointer/VR_LaserPower_01.uasset" 207
"../../../Engine/Content/VREditor/TransformGizmo/TransformGizmoMaterial.uasset" 208
"../../../Engine/Content/VREditor/TransformGizmo/BoundingBoxCorner.uasset" 209
"../../../Engine/Content/VREditor/TransformGizmo/BoundingBoxEdge.uasset" 210
"../../../Engine/Content/VREditor/TransformGizmo/PlaneTranslationHandle.uasset" 211
"../../../Engine/Content/VREditor/TransformGizmo/Xray.uasset" 212
"../../../Engine/Content/VREditor/TransformGizmo/Main.uasset" 213
"../../../Engine/Content/VREditor/TransformGizmo/SM_Sequencer_Key.uasset" 214
"../../../Engine/Content/VREditor/TransformGizmo/SM_Sequencer_Node.uasset" 215
"../../Plugins/2D/Paper2D/Content/PlaceholderTextures/DummySpriteTexture.uasset" 216
"../../Plugins/2D/Paper2D/Content/DummySprite.uasset" 217
"../../Plugins/2D/Paper2D/Content/DefaultPaperTerrainMaterial.uasset" 218
"../../Plugins/2D/Paper2D/Content/DefaultSpriteMaterial.uasset" 219
"../../Plugins/2D/Paper2D/Content/MaskedUnlitSpriteMaterial.uasset" 220
"../../Plugins/2D/Paper2D/Content/OpaqueUnlitSpriteMaterial.uasset" 221
"../../../Engine/Content/Functions/Engine_MaterialFunctions02/Utility/BreakOutFloat3Components.uasset" 222
"../../Plugins/Editor/SpeedTreeImporter/Content/SpeedTree9/UnpackInteger3.uasset" 223
"../../Plugins/Editor/SpeedTreeImporter/Content/SpeedTree9/UnpackDirection.uasset" 224
"../../Plugins/Editor/SpeedTreeImporter/Content/SpeedTree9/game_wind_noise.uasset" 225
"../../../Engine/Content/Functions/Engine_MaterialFunctions02/SafeNormalize.uasset" 226
"../../Plugins/Editor/SpeedTreeImporter/Content/SpeedTree9/SpeedTreeWindMotion.uasset" 227
"../../Plugins/Editor/SpeedTreeImporter/Content/SpeedTree9/SpeedTreeBranchMotion.uasset" 228
"../../../Engine/Content/Functions/Engine_MaterialFunctions02/ObjectLocalBounds.uasset" 229
"../../../Engine/Content/Functions/Engine_MaterialFunctions02/UVs/BoundingBoxBased_0-1_UVW.uasset" 230
"../../Plugins/Editor/SpeedTreeImporter/Content/SpeedTree9/SpeedTreeWind.uasset" 231
"../../Plugins/Editor/SpeedTreeImporter/Content/SpeedTree9/SpeedTreeBillboard.uasset" 232
"../../../Engine/Content/EngineResources/DefaultTexture.uasset" 233
"../../Plugins/Editor/SpeedTreeImporter/Content/SpeedTree9/SpeedTreeBillboardMaster.uasset" 234
"../../Plugins/Editor/SpeedTreeImporter/Content/SpeedTree9/SpeedTreeCameraFacing.uasset" 235
"../../Plugins/Editor/SpeedTreeImporter/Content/SpeedTree9/SpeedTreeMaster.uasset" 236
"../../Plugins/Experimental/Landmass/Content/Landscape/BlueprintBrushes/MPC/MPC_Landscape.uasset" 237
"../../Plugins/Experimental/Water/Content/Curves/FloatCurve.uasset" 238
"../../Plugins/Experimental/Water/Content/Curves/FloatCurve_WaterBodyIsland.uasset" 239
"../../Plugins/Experimental/Water/Content/Materials/MPC/MPC_Water.uasset" 240
"../../Plugins/Experimental/Water/Content/Meshes/LakeMesh.uasset" 241
"../../Plugins/Experimental/Water/Content/Meshes/RiverMesh.uasset" 242
"../../Plugins/Experimental/Water/Content/Waves/GerstnerWaves_Lake.uasset" 243
"../../Plugins/Experimental/Water/Content/Waves/GerstnerWaves_Ocean.uasset" 244
"../../../Engine/Content/BasicShapes/Cylinder.uasset" 245
"../../../Engine/Content/ArtTools/RenderToTexture/Materials/Debug/M_Emissive_Color.uasset" 246
"../../Plugins/Lumin/MagicLeapPassableWorld/Content/MagicLeapARPinInfoActor.uasset" 247
"../../../Engine/Content/Functions/Engine_MaterialFunctions02/Utility/MakeFloat3.uasset" 248
"../../../Engine/Content/Functions/Engine_MaterialFunctions02/Utility/BreakOutFloat4Components.uasset" 249
"../../Plugins/Runtime/Oculus/OculusVR/Content/Materials/OculusMR_ChromaKey.uasset" 250
"../../Plugins/Runtime/Oculus/OculusVR/Content/Materials/OculusMR_OpaqueColoredMaterial.uasset" 251
"../../Plugins/Runtime/Oculus/OculusVR/Content/Materials/PokeAHoleMaterial.uasset" 252
"../../../Engine/Content/BasicShapes/Sphere.uasset" 253
"../../../Engine/Content/MapTemplates/TilingNoise05.uasset" 254
"../../../Engine/Content/Functions/Engine_MaterialFunctions02/SplitComponents.uasset" 255
"../../../Engine/Content/EngineSky/M_SkyTimeOfDay.uasset" 256
"../../../../../../Work/GameCreationSociety/HeavenVR_MasterProject/HeavenVR2/Content/_Assets/Landscapes/lambert3.uasset" 257
"../../../../../../Work/GameCreationSociety/HeavenVR_MasterProject/HeavenVR2/Content/_Assets/Landscapes/Terrain_Optimizedfbx_TERR_9I.uasset" 258
"../../../../../../Work/GameCreationSociety/HeavenVR_MasterProject/HeavenVR2/Content/_Assets/Landscapes/lambert2.uasset" 259
"../../../../../../Work/GameCreationSociety/HeavenVR_MasterProject/HeavenVR2/Content/_Assets/Landscapes/Terrain_Optimizedfbx_TERR_9H.uasset" 260
"../../../../../../Work/GameCreationSociety/HeavenVR_MasterProject/HeavenVR2/Content/_Assets/Landscapes/Terrain_Optimizedfbx_TERR_9G.uasset" 261
"../../../../../../Work/GameCreationSociety/HeavenVR_MasterProject/HeavenVR2/Content/_Assets/Landscapes/Terrain_Optimizedfbx_TERR_9F.uasset" 262
"../../../../../../Work/GameCreationSociety/HeavenVR_MasterProject/HeavenVR2/Content/_Assets/Landscapes/Terrain_Optimizedfbx_TERR_9E.uasset" 263
"../../../../../../Work/GameCreationSociety/HeavenVR_MasterProject/HeavenVR2/Content/_Assets/Landscapes/Terrain_Optimizedfbx_TERR_9D.uasset" 264
"../../../../../../Work/GameCreationSociety/HeavenVR_MasterProject/HeavenVR2/Content/_Assets/Landscapes/Terrain_Optimizedfbx_TERR_9C.uasset" 265
"../../../../../../Work/GameCreationSociety/HeavenVR_MasterProject/HeavenVR2/Content/_Assets/Landscapes/Terrain_Optimizedfbx_TERR_9B.uasset" 266
"../../../../../../Work/GameCreationSociety/HeavenVR_MasterProject/HeavenVR2/Content/_Assets/Landscapes/Terrain_Optimizedfbx_TERR_9A.uasset" 267
"../../../../../../Work/GameCreationSociety/HeavenVR_MasterProject/HeavenVR2/Content/_Assets/Landscapes/Terrain_Optimizedfbx_TERR_8I.uasset" 268
"../../../../../../Work/GameCreationSociety/HeavenVR_MasterProject/HeavenVR2/Content/_Assets/Landscapes/Terrain_Optimizedfbx_TERR_8H.uasset" 269
"../../../../../../Work/GameCreationSociety/HeavenVR_MasterProject/HeavenVR2/Content/_Assets/Landscapes/Terrain_Optimizedfbx_TERR_8G.uasset" 270
"../../../../../../Work/GameCreationSociety/HeavenVR_MasterProject/HeavenVR2/Content/_Assets/Landscapes/Terrain_Optimizedfbx_TERR_8F.uasset" 271
"../../../../../../Work/GameCreationSociety/HeavenVR_MasterProject/HeavenVR2/Content/_Assets/Landscapes/Terrain_Optimizedfbx_TERR_8E.uasset" 272
"../../../../../../Work/GameCreationSociety/HeavenVR_MasterProject/HeavenVR2/Content/_Assets/Landscapes/Terrain_Optimizedfbx_TERR_8D.uasset" 273
"../../../../../../Work/GameCreationSociety/HeavenVR_MasterProject/HeavenVR2/Content/_Assets/Landscapes/Terrain_Optimizedfbx_TERR_8C.uasset" 274
"../../../../../../Work/GameCreationSociety/HeavenVR_MasterProject/HeavenVR2/Content/_Assets/Landscapes/Terrain_Optimizedfbx_TERR_8B.uasset" 275
"../../../../../../Work/GameCreationSociety/HeavenVR_MasterProject/HeavenVR2/Content/_Assets/Landscapes/Terrain_Optimizedfbx_TERR_8A.uasset" 276
"../../../../../../Work/GameCreationSociety/HeavenVR_MasterProject/HeavenVR2/Content/_Assets/Landscapes/Terrain_Optimizedfbx_TERR_7I.uasset" 277
"../../../../../../Work/GameCreationSociety/HeavenVR_MasterProject/HeavenVR2/Content/_Assets/Landscapes/Terrain_Optimizedfbx_TERR_7H.uasset" 278
"../../../../../../Work/GameCreationSociety/HeavenVR_MasterProject/HeavenVR2/Content/_Assets/Landscapes/Terrain_Optimizedfbx_TERR_7G.uasset" 279
"../../../../../../Work/GameCreationSociety/HeavenVR_MasterProject/HeavenVR2/Content/_Assets/Landscapes/Terrain_Optimizedfbx_TERR_7F.uasset" 280
"../../../../../../Work/GameCreationSociety/HeavenVR_MasterProject/HeavenVR2/Content/_Assets/Landscapes/Terrain_Optimizedfbx_TERR_7E.uasset" 281
"../../../../../../Work/GameCreationSociety/HeavenVR_MasterProject/HeavenVR2/Content/_Assets/Landscapes/Terrain_Optimizedfbx_TERR_7D.uasset" 282
"../../../../../../Work/GameCreationSociety/HeavenVR_MasterProject/HeavenVR2/Content/_Assets/Landscapes/Terrain_Optimizedfbx_TERR_7C.uasset" 283
"../../../../../../Work/GameCreationSociety/HeavenVR_MasterProject/HeavenVR2/Content/_Assets/Landscapes/Terrain_Optimizedfbx_TERR_7B.uasset" 284
"../../../../../../Work/GameCreationSociety/HeavenVR_MasterProject/HeavenVR2/Content/_Assets/Landscapes/Terrain_Optimizedfbx_TERR_7A.uasset" 285
"../../../../../../Work/GameCreationSociety/HeavenVR_MasterProject/HeavenVR2/Content/_Assets/Landscapes/Terrain_Optimizedfbx_TERR_6I.uasset" 286
"../../../../../../Work/GameCreationSociety/HeavenVR_MasterProject/HeavenVR2/Content/_Assets/Landscapes/Terrain_Optimizedfbx_TERR_6H.uasset" 287
"../../../../../../Work/GameCreationSociety/HeavenVR_MasterProject/HeavenVR2/Content/_Assets/Landscapes/Terrain_Optimizedfbx_TERR_6G.uasset" 288
"../../../../../../Work/GameCreationSociety/HeavenVR_MasterProject/HeavenVR2/Content/_Assets/Landscapes/Terrain_Optimizedfbx_TERR_6F.uasset" 289
"../../../../../../Work/GameCreationSociety/HeavenVR_MasterProject/HeavenVR2/Content/_Assets/Landscapes/Terrain_Optimizedfbx_TERR_6E.uasset" 290
"../../../../../../Work/GameCreationSociety/HeavenVR_MasterProject/HeavenVR2/Content/_Assets/Landscapes/Terrain_Optimizedfbx_TERR_6D.uasset" 291
"../../../../../../Work/GameCreationSociety/HeavenVR_MasterProject/HeavenVR2/Content/_Assets/Landscapes/Terrain_Optimizedfbx_TERR_6C.uasset" 292
"../../../../../../Work/GameCreationSociety/HeavenVR_MasterProject/HeavenVR2/Content/_Assets/Landscapes/Terrain_Optimizedfbx_TERR_6B.uasset" 293
"../../../../../../Work/GameCreationSociety/HeavenVR_MasterProject/HeavenVR2/Content/_Assets/Landscapes/Terrain_Optimizedfbx_TERR_6A.uasset" 294
"../../../../../../Work/GameCreationSociety/HeavenVR_MasterProject/HeavenVR2/Content/_Assets/Landscapes/Terrain_Optimizedfbx_TERR_5I.uasset" 295
"../../../../../../Work/GameCreationSociety/HeavenVR_MasterProject/HeavenVR2/Content/_Assets/Landscapes/Terrain_Optimizedfbx_TERR_5H.uasset" 296
"../../../../../../Work/GameCreationSociety/HeavenVR_MasterProject/HeavenVR2/Content/_Assets/Landscapes/Terrain_Optimizedfbx_TERR_5G.uasset" 297
"../../../../../../Work/GameCreationSociety/HeavenVR_MasterProject/HeavenVR2/Content/_Assets/Landscapes/Terrain_Optimizedfbx_TERR_5F.uasset" 298
"../../../../../../Work/GameCreationSociety/HeavenVR_MasterProject/HeavenVR2/Content/_Assets/Landscapes/Terrain_Optimizedfbx_TERR_5E.uasset" 299
"../../../../../../Work/GameCreationSociety/HeavenVR_MasterProject/HeavenVR2/Content/_Assets/Landscapes/Terrain_Optimizedfbx_TERR_5D.uasset" 300
"../../../../../../Work/GameCreationSociety/HeavenVR_MasterProject/HeavenVR2/Content/_Assets/Landscapes/Terrain_Optimizedfbx_TERR_5C.uasset" 301
"../../../../../../Work/GameCreationSociety/HeavenVR_MasterProject/HeavenVR2/Content/_Assets/Landscapes/Terrain_Optimizedfbx_TERR_5B.uasset" 302
"../../../../../../Work/GameCreationSociety/HeavenVR_MasterProject/HeavenVR2/Content/_Assets/Landscapes/Terrain_Optimizedfbx_TERR_5A.uasset" 303
"../../../../../../Work/GameCreationSociety/HeavenVR_MasterProject/HeavenVR2/Content/_Assets/Landscapes/Terrain_Optimizedfbx_TERR_4I.uasset" 304
"../../../../../../Work/GameCreationSociety/HeavenVR_MasterProject/HeavenVR2/Content/_Assets/Landscapes/Terrain_Optimizedfbx_TERR_4H.uasset" 305
"../../../../../../Work/GameCreationSociety/HeavenVR_MasterProject/HeavenVR2/Content/_Assets/Landscapes/Terrain_Optimizedfbx_TERR_4G.uasset" 306
"../../../../../../Work/GameCreationSociety/HeavenVR_MasterProject/HeavenVR2/Content/_Assets/Landscapes/Terrain_Optimizedfbx_TERR_4F.uasset" 307
"../../../../../../Work/GameCreationSociety/HeavenVR_MasterProject/HeavenVR2/Content/_Assets/Landscapes/Terrain_Optimizedfbx_TERR_4E.uasset" 308
"../../../../../../Work/GameCreationSociety/HeavenVR_MasterProject/HeavenVR2/Content/_Assets/Landscapes/Terrain_Optimizedfbx_TERR_4D.uasset" 309
"../../../../../../Work/GameCreationSociety/HeavenVR_MasterProject/HeavenVR2/Content/_Assets/Landscapes/Terrain_Optimizedfbx_TERR_4C.uasset" 310
"../../../../../../Work/GameCreationSociety/HeavenVR_MasterProject/HeavenVR2/Content/_Assets/Landscapes/Terrain_Optimizedfbx_TERR_4B.uasset" 311
"../../../../../../Work/GameCreationSociety/HeavenVR_MasterProject/HeavenVR2/Content/_Assets/Landscapes/Terrain_Optimizedfbx_TERR_4A.uasset" 312
"../../../../../../Work/GameCreationSociety/HeavenVR_MasterProject/HeavenVR2/Content/_Assets/Landscapes/Terrain_Optimizedfbx_TERR_3I.uasset" 313
"../../../../../../Work/GameCreationSociety/HeavenVR_MasterProject/HeavenVR2/Content/_Assets/Landscapes/Terrain_Optimizedfbx_TERR_3H.uasset" 314
"../../../../../../Work/GameCreationSociety/HeavenVR_MasterProject/HeavenVR2/Content/_Assets/Landscapes/Terrain_Optimizedfbx_TERR_3G.uasset" 315
"../../../../../../Work/GameCreationSociety/HeavenVR_MasterProject/HeavenVR2/Content/_Assets/Landscapes/Terrain_Optimizedfbx_TERR_3F.uasset" 316
"../../../../../../Work/GameCreationSociety/HeavenVR_MasterProject/HeavenVR2/Content/_Assets/Landscapes/Terrain_Optimizedfbx_TERR_3E.uasset" 317
"../../../../../../Work/GameCreationSociety/HeavenVR_MasterProject/HeavenVR2/Content/_Assets/Landscapes/Terrain_Optimizedfbx_TERR_3D.uasset" 318
"../../../../../../Work/GameCreationSociety/HeavenVR_MasterProject/HeavenVR2/Content/_Assets/Landscapes/Terrain_Optimizedfbx_TERR_3C.uasset" 319
"../../../../../../Work/GameCreationSociety/HeavenVR_MasterProject/HeavenVR2/Content/_Assets/Landscapes/Terrain_Optimizedfbx_TERR_3B.uasset" 320
"../../../../../../Work/GameCreationSociety/HeavenVR_MasterProject/HeavenVR2/Content/_Assets/Landscapes/Terrain_Optimizedfbx_TERR_3A.uasset" 321
"../../../../../../Work/GameCreationSociety/HeavenVR_MasterProject/HeavenVR2/Content/_Assets/Landscapes/Terrain_Optimizedfbx_TERR_2I.uasset" 322
"../../../../../../Work/GameCreationSociety/HeavenVR_MasterProject/HeavenVR2/Content/_Assets/Landscapes/Terrain_Optimizedfbx_TERR_2H.uasset" 323
"../../../../../../Work/GameCreationSociety/HeavenVR_MasterProject/HeavenVR2/Content/_Assets/Landscapes/Terrain_Optimizedfbx_TERR_2G.uasset" 324
"../../../../../../Work/GameCreationSociety/HeavenVR_MasterProject/HeavenVR2/Content/_Assets/Landscapes/Terrain_Optimizedfbx_TERR_2F.uasset" 325
"../../../../../../Work/GameCreationSociety/HeavenVR_MasterProject/HeavenVR2/Content/_Assets/Landscapes/Terrain_Optimizedfbx_TERR_2E.uasset" 326
"../../../../../../Work/GameCreationSociety/HeavenVR_MasterProject/HeavenVR2/Content/_Assets/Landscapes/Terrain_Optimizedfbx_TERR_2D.uasset" 327
"../../../../../../Work/GameCreationSociety/HeavenVR_MasterProject/HeavenVR2/Content/_Assets/Landscapes/Terrain_Optimizedfbx_TERR_2C.uasset" 328
"../../../../../../Work/GameCreationSociety/HeavenVR_MasterProject/HeavenVR2/Content/_Assets/Landscapes/Terrain_Optimizedfbx_TERR_2B.uasset" 329
"../../../../../../Work/GameCreationSociety/HeavenVR_MasterProject/HeavenVR2/Content/_Assets/Landscapes/Terrain_Optimizedfbx_TERR_2A.uasset" 330
"../../../../../../Work/GameCreationSociety/HeavenVR_MasterProject/HeavenVR2/Content/_Assets/Landscapes/Terrain_Optimizedfbx_TERR_1I.uasset" 331
"../../../../../../Work/GameCreationSociety/HeavenVR_MasterProject/HeavenVR2/Content/_Assets/Landscapes/Terrain_Optimizedfbx_TERR_1H.uasset" 332
"../../../../../../Work/GameCreationSociety/HeavenVR_MasterProject/HeavenVR2/Content/_Assets/Landscapes/Terrain_Optimizedfbx_TERR_1G.uasset" 333
"../../../../../../Work/GameCreationSociety/HeavenVR_MasterProject/HeavenVR2/Content/_Assets/Landscapes/Terrain_Optimizedfbx_TERR_1F.uasset" 334
"../../../../../../Work/GameCreationSociety/HeavenVR_MasterProject/HeavenVR2/Content/_Assets/Landscapes/Terrain_Optimizedfbx_TERR_1E.uasset" 335
"../../../../../../Work/GameCreationSociety/HeavenVR_MasterProject/HeavenVR2/Content/_Assets/Landscapes/Terrain_Optimizedfbx_TERR_1D.uasset" 336
"../../../../../../Work/GameCreationSociety/HeavenVR_MasterProject/HeavenVR2/Content/_Assets/Landscapes/Terrain_Optimizedfbx_TERR_1C.uasset" 337
"../../../../../../Work/GameCreationSociety/HeavenVR_MasterProject/HeavenVR2/Content/_Assets/Landscapes/Terrain_Optimizedfbx_TERR_1B.uasset" 338
"../../../../../../Work/GameCreationSociety/HeavenVR_MasterProject/HeavenVR2/Content/_Assets/Landscapes/Terrain_Optimizedfbx_TERR_1A.uasset" 339
"../../../../../../Work/GameCreationSociety/HeavenVR_MasterProject/HeavenVR2/Content/Maps/Heaven_Optimized2_BuiltData.uasset" 340
"../../../../../../Work/GameCreationSociety/HeavenVR_MasterProject/HeavenVR2/Content/_Assets/Foilage/Grass/Textures/grass1_imposter2.uasset" 341
"../../../../../../Work/GameCreationSociety/HeavenVR_MasterProject/HeavenVR2/Content/_Assets/Foilage/Grass/Materials/Grass_1_Imposter.uasset" 342
"../../../../../../Work/GameCreationSociety/HeavenVR_MasterProject/HeavenVR2/Content/_Assets/Foilage/Grass/Materials/M_grass_Lod1.uasset" 343
"../../../../../../Work/GameCreationSociety/HeavenVR_MasterProject/HeavenVR2/Content/_Assets/Foilage/Grass/Textures/qheqG_4K_Translucency.uasset" 344
"../../../../../../Work/GameCreationSociety/HeavenVR_MasterProject/HeavenVR2/Content/_Assets/Foilage/Grass/Textures/qheqG_4K_Roughness.uasset" 345
"../../../../../../Work/GameCreationSociety/HeavenVR_MasterProject/HeavenVR2/Content/_Assets/Foilage/Grass/Textures/qheqG_4K_Opacity.uasset" 346
"../../../../../../Work/GameCreationSociety/HeavenVR_MasterProject/HeavenVR2/Content/_Assets/Foilage/Grass/Textures/qheqG_4K_Albedo.uasset" 347
"../../../Engine/Content/EngineMaterials/DefaultWhiteGrid.uasset" 348
"../../../Engine/Content/EngineMaterials/DefaultNormal.uasset" 349
"../../../Engine/Content/Functions/Engine_MaterialFunctions02/Math/MultiplyAdd.uasset" 350
"../../../../../../Work/GameCreationSociety/HeavenVR_MasterProject/HeavenVR2/Content/_Assets/Foilage/Grass/Materials/M_Foilage_Master.uasset" 351
"../../../../../../Work/GameCreationSociety/HeavenVR_MasterProject/HeavenVR2/Content/_Assets/Foilage/Grass/Materials/M_Grass_1.uasset" 352
"../../../../../../Work/GameCreationSociety/HeavenVR_MasterProject/HeavenVR2/Content/_Assets/Foilage/Grass/Grass_1_Lod0.uasset" 353
"../../../../../../Work/GameCreationSociety/HeavenVR_MasterProject/HeavenVR2/Content/_Assets/Decorations/Structures/Textures/Structure5/struct5_wall_low_lambert2_OcclusionRoughnessMetallic.uasset" 354
"../../../../../../Work/GameCreationSociety/HeavenVR_MasterProject/HeavenVR2/Content/_Assets/Decorations/Structures/Textures/Structure5/struct5_wall_low_lambert2_Normal.uasset" 355
"../../../../../../Work/GameCreationSociety/HeavenVR_MasterProject/HeavenVR2/Content/_Assets/Decorations/Structures/Textures/Structure5/struct5_wall_low_lambert2_BaseColor.uasset" 356
"../../../../../../Work/GameCreationSociety/HeavenVR_MasterProject/HeavenVR2/Content/_Assets/Decorations/Structures/Textures/Structure5/struct5_tree_low_lambert1_OcclusionRoughnessMetallic.uasset" 357
"../../../../../../Work/GameCreationSociety/HeavenVR_MasterProject/HeavenVR2/Content/_Assets/Decorations/Structures/Textures/Structure5/struct5_tree_low_lambert1_Normal.uasset" 358
"../../../../../../Work/GameCreationSociety/HeavenVR_MasterProject/HeavenVR2/Content/_Assets/Decorations/Structures/Textures/Structure5/struct5_tree_low_lambert1_BaseColor.uasset" 359
"../../../../../../Work/GameCreationSociety/HeavenVR_MasterProject/HeavenVR2/Content/_Assets/Decorations/Structures/Textures/Structure5/M_Structure5.uasset" 360
"../../../../../../Work/GameCreationSociety/HeavenVR_MasterProject/HeavenVR2/Content/_Assets/Decorations/Structures/Textures/Structure5/M_Structure5_Wall_Inst.uasset" 361
"../../../../../../Work/GameCreationSociety/HeavenVR_MasterProject/HeavenVR2/Content/_Assets/Decorations/Structures/Textures/Structure5/M_Structure5_Tree_Inst.uasset" 362
"../../../../../../Work/GameCreationSociety/HeavenVR_MasterProject/HeavenVR2/Content/_Assets/Decorations/Structures/stucture5/structure5.uasset" 363
"../../../../../../Work/GameCreationSociety/HeavenVR_MasterProject/HeavenVR2/Content/_Assets/Decorations/Structures/Textures/Structure1/structure1_V3fbx_structure1_OcclusionRoughnessMetallic.uasset" 364
"../../../../../../Work/GameCreationSociety/HeavenVR_MasterProject/HeavenVR2/Content/_Assets/Decorations/Structures/Textures/Structure1/structure1_V3fbx_structure1_Normal.uasset" 365
"../../../../../../Work/GameCreationSociety/HeavenVR_MasterProject/HeavenVR2/Content/_Assets/Decorations/Structures/Textures/Structure1/structure1_V3fbx_structure1_BaseColor.uasset" 366
"../../../../../../Work/GameCreationSociety/HeavenVR_MasterProject/HeavenVR2/Content/_Assets/Decorations/Structures/Textures/Structure1/Structure1_Mat.uasset" 367
"../../../../../../Work/GameCreationSociety/HeavenVR_MasterProject/HeavenVR2/Content/_Assets/Decorations/Structures/Textures/Structure1/Structure1_Mat_Inst.uasset" 368
"../../../../../../Work/GameCreationSociety/HeavenVR_MasterProject/HeavenVR2/Content/_Assets/Decorations/Structures/structure.uasset" 369
"../../../../../../Work/GameCreationSociety/HeavenVR_MasterProject/HeavenVR2/Content/_Assets/Decorations/Structures/Textures/Structure3/BirdStructure3_LOD0_lambert1_001_Roughness.uasset" 370
"../../../../../../Work/GameCreationSociety/HeavenVR_MasterProject/HeavenVR2/Content/_Assets/Decorations/Structures/Textures/Structure3/BirdStructure3_LOD0_lambert1_001_Normal.uasset" 371
"../../../../../../Work/GameCreationSociety/HeavenVR_MasterProject/HeavenVR2/Content/_Assets/Decorations/Structures/Textures/Structure3/BirdStructure3_LOD0_lambert1_001_Metallic.uasset" 372
"../../../../../../Work/GameCreationSociety/HeavenVR_MasterProject/HeavenVR2/Content/_Assets/Decorations/Structures/Textures/Structure3/BirdStructure3_LOD0_lambert1_001_BaseColor.uasset" 373
"../../../../../../Work/GameCreationSociety/HeavenVR_MasterProject/HeavenVR2/Content/_Assets/Decorations/Structures/Textures/Structure3/Structure3_Mat.uasset" 374
"../../../../../../Work/GameCreationSociety/HeavenVR_MasterProject/HeavenVR2/Content/_Assets/Decorations/Structures/Textures/Structure3/Structure3_Mat_Inst.uasset" 375
"../../../../../../Work/GameCreationSociety/HeavenVR_MasterProject/HeavenVR2/Content/_Assets/Decorations/Structures/BirdStructure3.uasset" 376
"../../../../../../Work/GameCreationSociety/HeavenVR_MasterProject/HeavenVR2/Content/_Assets/Decorations/Area/Textures/JesusAreaLOD0_lambert2_OcclusionRoughnessMetallic.uasset" 377
"../../../../../../Work/GameCreationSociety/HeavenVR_MasterProject/HeavenVR2/Content/_Assets/Decorations/Area/Textures/JesusAreaLOD0_lambert2_Normal.uasset" 378
"../../../../../../Work/GameCreationSociety/HeavenVR_MasterProject/HeavenVR2/Content/_Assets/Decorations/Area/Textures/JesusAreaLOD0_lambert2_BaseColor.uasset" 379
"../../../../../../Work/GameCreationSociety/HeavenVR_MasterProject/HeavenVR2/Content/_Assets/Decorations/Area/Materials/JesusAreaLOD0_lambert2_BaseColor_Mat.uasset" 380
"../../../../../../Work/GameCreationSociety/HeavenVR_MasterProject/HeavenVR2/Content/_Assets/Decorations/Area/JesusAreaLOD0.uasset" 381
"../../../../../../Work/GameCreationSociety/HeavenVR_MasterProject/HeavenVR2/Content/_Assets/Decorations/Fountain/Fountain-UV_Default_Material_OcclusionRoughnessMetallic.uasset" 382
"../../../../../../Work/GameCreationSociety/HeavenVR_MasterProject/HeavenVR2/Content/_Assets/Decorations/Fountain/Fountain-UV_Default_Material_Normal.uasset" 383
"../../../../../../Work/GameCreationSociety/HeavenVR_MasterProject/HeavenVR2/Content/_Assets/Decorations/Fountain/Fountain-UV_Default_Material_BaseColor.uasset" 384
"../../../../../../Work/GameCreationSociety/HeavenVR_MasterProject/HeavenVR2/Content/_Assets/Decorations/Fountain/Default_Material.uasset" 385
"../../../../../../Work/GameCreationSociety/HeavenVR_MasterProject/HeavenVR2/Content/_Assets/Decorations/Fountain/Fountain-UVModel.uasset" 386
"../../../../../../Work/GameCreationSociety/HeavenVR_MasterProject/HeavenVR2/Content/Maps/Heaven_Optimized2.umap" 387
"../../../Engine/Content/Maps/Entry_BuiltData.uasset" 388
"../../../Engine/Content/Maps/Entry.umap" 389
