"D:/Work/Projects/GCS/HeavenVR-MasterFolder/HeavenVR2/Content/_Assets/Items/Textures/Meat/Meat_lambert1_BaseColor.uasset" 0
"D:/Work/Projects/GCS/HeavenVR-MasterFolder/HeavenVR2/Content/_Assets/Items/Textures/Meat/M_Meat.uasset" 1
"D:/Work/Projects/GCS/HeavenVR-MasterFolder/HeavenVR2/Content/_Assets/Items/Meat.uasset" 2
"D:/Work/Projects/GCS/HeavenVR-MasterFolder/HeavenVR2/Content/_Assets/Items/bark.uasset" 3
"D:/Work/Projects/GCS/HeavenVR-MasterFolder/HeavenVR2/Content/_Assets/Items/Textures/AppleCore/AppleCore_lambert1_BaseColor.uasset" 4
"D:/Work/Projects/GCS/HeavenVR-MasterFolder/HeavenVR2/Content/_Assets/Items/Textures/AppleCore/M_AppleCore.uasset" 5
"D:/Work/Projects/GCS/HeavenVR-MasterFolder/HeavenVR2/Content/_Assets/Items/AppleCore.uasset" 6
"D:/Work/Projects/GCS/HeavenVR-MasterFolder/HeavenVR2/Content/_Assets/Foilage/Trees/textures/Leaves/leaves3.uasset" 7
"../../../Engine/Content/Functions/Engine_MaterialFunctions02/WorldPositionOffset/Wind.uasset" 8
"D:/Work/Projects/GCS/HeavenVR-MasterFolder/HeavenVR2/Content/_Assets/Foilage/Trees/textures/Leaves/Tree_1_Leaves.uasset" 9
"../../../Engine/Content/EngineMaterials/BlendFunc_DefBlend.uasset" 10
"../../../Engine/Content/EngineMaterials/BlendFunc_DefBase.uasset" 11
"../../../Engine/Content/Functions/Engine_MaterialFunctions03/Blends/Blend_Overlay.uasset" 12
"../../../Engine/Content/Functions/Engine_MaterialFunctions01/WorldPositionOffset/SimpleGrassWind.uasset" 13
"../../../Engine/Content/Functions/Engine_MaterialFunctions01/SpeedTree/SpeedTreeColorVariation.uasset" 14
"D:/Work/Projects/GCS/HeavenVR-MasterFolder/HeavenVR2/Content/_Assets/Foilage/Trees/materials/M_Master_Leaf.uasset" 15
"D:/Work/Projects/GCS/HeavenVR-MasterFolder/HeavenVR2/Content/_Assets/Foilage/Trees/materials/M_Leave3.uasset" 16
"D:/Work/Projects/GCS/HeavenVR-MasterFolder/HeavenVR2/Content/_Assets/Foilage/Trees/textures/Tree_Bark_Occlusion_2k.uasset" 17
"D:/Work/Projects/GCS/HeavenVR-MasterFolder/HeavenVR2/Content/_Assets/Foilage/Trees/textures/Tree_bark_Normal_2k.uasset" 18
"D:/Work/Projects/GCS/HeavenVR-MasterFolder/HeavenVR2/Content/_Assets/Foilage/Trees/textures/Tree_Bark_2k.uasset" 19
"D:/Work/Projects/GCS/HeavenVR-MasterFolder/HeavenVR2/Content/_Assets/Foilage/Trees/materials/M_Tree.uasset" 20
"D:/Work/Projects/GCS/HeavenVR-MasterFolder/HeavenVR2/Content/_Assets/Items/stick2.uasset" 21
"D:/Work/Projects/GCS/HeavenVR-MasterFolder/HeavenVR2/Content/_Assets/Foilage/Trees/textures/Leaves/leaves2.uasset" 22
"D:/Work/Projects/GCS/HeavenVR-MasterFolder/HeavenVR2/Content/_Assets/Foilage/Trees/materials/M_Leave2.uasset" 23
"D:/Work/Projects/GCS/HeavenVR-MasterFolder/HeavenVR2/Content/_Assets/Items/stick1.uasset" 24
"D:/Work/Projects/GCS/HeavenVR-MasterFolder/HeavenVR2/Content/_Assets/Items/snake.uasset" 25
"D:/Work/Projects/GCS/HeavenVR-MasterFolder/HeavenVR2/Content/_Assets/SimpleSummerTrees/Textures/ForestGround/ForestGround01_Albedo.uasset" 26
"D:/Work/Projects/GCS/HeavenVR-MasterFolder/HeavenVR2/Content/_Assets/Meshes/CubeMaterial.uasset" 27
"D:/Work/Projects/GCS/HeavenVR-MasterFolder/HeavenVR2/Content/_Assets/Meshes/1M_Cube.uasset" 28
"D:/Work/Projects/GCS/HeavenVR-MasterFolder/HeavenVR2/Content/_Assets/Items/thumbnails/stick3.uasset" 29
"D:/Work/Projects/GCS/HeavenVR-MasterFolder/HeavenVR2/Content/_Assets/Items/thumbnails/stick2.uasset" 30
"D:/Work/Projects/GCS/HeavenVR-MasterFolder/HeavenVR2/Content/_Assets/Items/thumbnails/stick1.uasset" 31
"D:/Work/Projects/GCS/HeavenVR-MasterFolder/HeavenVR2/Content/_Assets/Items/thumbnails/snake.uasset" 32
"D:/Work/Projects/GCS/HeavenVR-MasterFolder/HeavenVR2/Content/_Assets/Items/thumbnails/meat.uasset" 33
"D:/Work/Projects/GCS/HeavenVR-MasterFolder/HeavenVR2/Content/_Assets/Items/thumbnails/bark.uasset" 34
"D:/Work/Projects/GCS/HeavenVR-MasterFolder/HeavenVR2/Content/_Assets/Items/thumbnails/applecore.uasset" 35
"D:/Work/Projects/GCS/HeavenVR-MasterFolder/HeavenVR2/Content/_Assets/Items/stick3.uasset" 36
"D:/Work/Projects/GCS/HeavenVR-MasterFolder/HeavenVR2/Content/_blueprints/Inventory/ItemData.uasset" 37
"../../../Engine/Content/EditorBlueprintResources/StandardMacros.uasset" 38
"D:/Work/Projects/GCS/HeavenVR-MasterFolder/HeavenVR2/Content/_blueprints/Inventory/BP_Item.uasset" 39
"D:/Work/Projects/GCS/HeavenVR-MasterFolder/HeavenVR2/Content/_blueprints/Inventory/BP_Weapon.uasset" 40
"../../../Engine/Content/EngineMeshes/Humanoid.uasset" 41
"D:/Work/Projects/GCS/HeavenVR-MasterFolder/HeavenVR2/Content/_Assets/CustomHand/Skeleton/FirstPersonHand_Skeleton.uasset" 42
"D:/Work/Projects/GCS/HeavenVR-MasterFolder/HeavenVR2/Content/_Assets/CustomHand/Anim/FPH_PoseSpread.uasset" 43
"D:/Work/Projects/GCS/HeavenVR-MasterFolder/HeavenVR2/Content/_Assets/CustomHand/Anim/FPH_PoseFist.uasset" 44
"D:/Work/Projects/GCS/HeavenVR-MasterFolder/HeavenVR2/Content/_Assets/CustomHand/Anim/3FingerGrip.uasset" 45
"D:/Work/Projects/GCS/HeavenVR-MasterFolder/HeavenVR2/Content/_Assets/CustomHand/Anim/BS_Grip.uasset" 46
"D:/Work/Projects/GCS/HeavenVR-MasterFolder/HeavenVR2/Content/_Assets/CustomHand/Anim/FPH_PoseAoK.uasset" 47
"D:/Work/Projects/GCS/HeavenVR-MasterFolder/HeavenVR2/Content/_Assets/CustomHand/Anim/BS2_Grip.uasset" 48
"D:/Work/Projects/GCS/HeavenVR-MasterFolder/HeavenVR2/Content/_Assets/CustomHand/Anim/BP_Hand_Anim.uasset" 49
"D:/Work/Projects/GCS/HeavenVR-MasterFolder/HeavenVR2/Content/_Assets/CustomHand/Physics/FirstPersonHand_PhysicsAsset.uasset" 50
"D:/Work/Projects/GCS/HeavenVR-MasterFolder/HeavenVR2/Content/_Assets/CustomHand/Texture/FPH_Normals.uasset" 51
"D:/Work/Projects/GCS/HeavenVR-MasterFolder/HeavenVR2/Content/_Assets/CustomHand/Texture/FPH_MetalSmooth.uasset" 52
"D:/Work/Projects/GCS/HeavenVR-MasterFolder/HeavenVR2/Content/_Assets/CustomHand/Texture/FPH_Albedo.uasset" 53
"D:/Work/Projects/GCS/HeavenVR-MasterFolder/HeavenVR2/Content/_Assets/CustomHand/Texture/Blood/FPH_Blood1A.uasset" 54
"D:/Work/Projects/GCS/HeavenVR-MasterFolder/HeavenVR2/Content/_Assets/CustomHand/Texture/Tattoos/FPH_Tattoo_1A.uasset" 55
"D:/Work/Projects/GCS/HeavenVR-MasterFolder/HeavenVR2/Content/_Assets/CustomHand/Texture/FPH_SSS-Nail-Palm_Mask.uasset" 56
"D:/Work/Projects/GCS/HeavenVR-MasterFolder/HeavenVR2/Content/_Assets/CustomHand/Materials/Hand_Mat_Master.uasset" 57
"D:/Work/Projects/GCS/HeavenVR-MasterFolder/HeavenVR2/Content/_Assets/CustomHand/Materials/Instances/Hand_MatInst_Tan.uasset" 58
"D:/Work/Projects/GCS/HeavenVR-MasterFolder/HeavenVR2/Content/_Assets/CustomHand/Mesh/FirstPersonHand.uasset" 59
"D:/Work/Projects/GCS/HeavenVR-MasterFolder/HeavenVR2/Content/_blueprints/Player/BP_SimplifiedVRChar_Legacy.uasset" 60
"D:/Work/Projects/GCS/HeavenVR-MasterFolder/HeavenVR2/Content/_blueprints/Player/BP_Player.uasset" 61
"D:/Work/Projects/GCS/HeavenVR-MasterFolder/HeavenVR2/Content/_blueprints/HeavenVRGameMode.uasset" 62
"../../../Engine/Content/Functions/Engine_MaterialFunctions01/Opacity/CameraDepthFade.uasset" 63
"../../../Engine/Content/EngineMaterials/T_Default_Material_Grid_N.uasset" 64
"../../../Engine/Content/EngineMaterials/T_Default_Material_Grid_M.uasset" 65
"../../../Engine/Content/EngineMaterials/WorldGridMaterial.uasset" 66
"../../../Engine/Content/ArtTools/RenderToTexture/Meshes/S_1_Unit_Plane.uasset" 67
"../../../Engine/Content/EngineMaterials/DefaultMaterial.uasset" 68
"../../../Engine/Content/BasicShapes/Cone.uasset" 69
"../../../Engine/Content/BasicShapes/Cube.uasset" 70
"../../../Engine/Content/BasicShapes/Plane.uasset" 71
"../../../Engine/Content/BasicShapes/Sphere.uasset" 72
"../../../Engine/Content/EditorLandscapeResources/DataLayer.uasset" 73
"../../../Engine/Content/EditorLandscapeResources/DefaultAlphaTexture.uasset" 74
"../../../Engine/Content/EditorMaterials/MAT_Groups_Toggle.uasset" 75
"../../../Engine/Content/EditorMaterials/MAT_Groups_Visibility.uasset" 76
"../../../Engine/Content/EditorMaterials/PreviewShadowIndicator.uasset" 77
"../../../Engine/Content/EditorMaterials/PreviewShadowIndicatorMaterial.uasset" 78
"../../../Engine/Content/EditorMaterials/MatineeGroups/MAT_ColorTrack.uasset" 79
"../../../Engine/Content/EditorMaterials/MatineeGroups/MAT_Groups_Anim.uasset" 80
"../../../Engine/Content/EditorMaterials/MatineeGroups/MAT_Groups_AudioMaster.uasset" 81
"../../../Engine/Content/EditorMaterials/MatineeGroups/MAT_Groups_Director.uasset" 82
"../../../Engine/Content/EditorMaterials/MatineeGroups/MAT_Groups_Event.uasset" 83
"../../../Engine/Content/EditorMaterials/MatineeGroups/MAT_Groups_Fade.uasset" 84
"../../../Engine/Content/EditorMaterials/MatineeGroups/MAT_Groups_Float.uasset" 85
"../../../Engine/Content/EditorMaterials/MatineeGroups/MAT_Groups_Move.uasset" 86
"../../../Engine/Content/EditorMaterials/MatineeGroups/MAT_Groups_Slomo.uasset" 87
"../../../Engine/Content/EditorMaterials/MatineeGroups/MAT_Groups_Sound.uasset" 88
"../../../Engine/Content/EditorMaterials/MatineeGroups/MAT_Groups_Vector.uasset" 89
"../../../Engine/Content/EditorMaterials/ParticleSystems/PSysThumbnail_NoImage.uasset" 90
"../../../Engine/Content/EditorMaterials/ParticleSystems/PSysThumbnail_OOD.uasset" 91
"../../../Engine/Content/EditorMaterials/Camera/CineMat.uasset" 92
"../../../Engine/Content/EditorMaterials/Camera/MI_CineMat_Rig.uasset" 93
"../../../Engine/Content/EditorMeshes/Camera/SM_CraneRig_Arm.uasset" 94
"../../../Engine/Content/EditorMeshes/Camera/SM_CraneRig_Base.uasset" 95
"../../../Engine/Content/EditorMeshes/Camera/SM_CraneRig_Body.uasset" 96
"../../../Engine/Content/EditorMeshes/Camera/SM_CraneRig_Mount.uasset" 97
"../../../Engine/Content/EditorMeshes/Camera/SM_RailRig_Mount.uasset" 98
"../../../Engine/Content/EditorMeshes/Camera/SM_RailRig_Track.uasset" 99
"../../../Engine/Content/EditorResources/BSPVertex.uasset" 100
"../../../Engine/Content/EditorResources/EmptyActor.uasset" 101
"../../../Engine/Content/EditorResources/S_Actor.uasset" 102
"../../../Engine/Content/EditorResources/S_Note.uasset" 103
"../../../Engine/Content/EditorResources/S_Solver.uasset" 104
"../../../Engine/Content/EditorResources/S_Terrain.uasset" 105
"../../../Engine/Content/EditorResources/S_Trigger.uasset" 106
"../../../Engine/Content/EditorResources/SequenceRecorder/Countdown.uasset" 107
"../../../Engine/Content/EditorResources/SequenceRecorder/RecordingIndicator.uasset" 108
"../../../Engine/Content/EngineDamageTypes/DmgTypeBP_Environmental.uasset" 109
"../../../Engine/Content/EngineDebugMaterials/DebugEditorMaterial.uasset" 110
"../../../Engine/Content/EngineDebugMaterials/DebugMeshMaterial.uasset" 111
"../../../Engine/Content/EngineDebugMaterials/M_SimpleUnlitTranslucent.uasset" 112
"../../../Engine/Content/EngineDebugMaterials/VolumeToRender.uasset" 113
"../../../Engine/Content/Functions/Engine_MaterialFunctions02/Utility/CameraDirectionVector.uasset" 114
"../../../Engine/Content/EngineDebugMaterials/M_VolumeRenderSphereTracePP.uasset" 115
"../../../Engine/Content/Functions/Engine_MaterialFunctions01/Shading/ConvertFromDiffSpec.uasset" 116
"../../../Engine/Content/EngineDebugMaterials/VertexColorMaterial.uasset" 117
"../../../Engine/Content/EngineDebugMaterials/WireframeMaterial.uasset" 118
"../../../Engine/Content/EngineFonts/Faces/RobotoRegular.uasset" 119
"../../../Engine/Content/EngineFonts/Faces/RobotoLight.uasset" 120
"../../../Engine/Content/EngineFonts/Faces/RobotoItalic.uasset" 121
"../../../Engine/Content/EngineFonts/Faces/RobotoBoldItalic.uasset" 122
"../../../Engine/Content/EngineFonts/Faces/RobotoBold.uasset" 123
"../../../Engine/Content/EngineFonts/Faces/DroidSansFallback.uasset" 124
"../../../Engine/Content/EngineFonts/Roboto.uasset" 125
"../../../Engine/Content/EngineMaterials/BaseFlattenNormalMap.uasset" 126
"../../../Engine/Content/EngineMaterials/BaseFlattenGrayscaleMap.uasset" 127
"../../../Engine/Content/EngineMaterials/BaseFlattenEmissiveMap.uasset" 128
"../../../Engine/Content/EngineMaterials/BaseFlattenDiffuseMap.uasset" 129
"../../../Engine/Content/EngineMaterials/BaseFlattenMaterial.uasset" 130
"../../../Engine/Content/EngineMaterials/BlueNoise.uasset" 131
"../../../Engine/Content/EngineMaterials/DefaultBloomKernel.uasset" 132
"../../../Engine/Content/EngineMaterials/DefaultBokeh.uasset" 133
"../../../Engine/Content/EngineMaterials/DefaultDiffuse.uasset" 134
"../../../Engine/Content/EngineMaterials/DefaultDeferredDecalMaterial.uasset" 135
"../../../Engine/Content/EngineMaterials/DefaultLightFunctionMaterial.uasset" 136
"../../../Engine/Content/Functions/Engine_MaterialFunctions02/Utility/BreakOutFloat2Components.uasset" 137
"../../../Engine/Content/EngineMaterials/DefaultPostProcessMaterial.uasset" 138
"../../../Engine/Content/EngineFonts/RobotoDistanceField.uasset" 139
"../../../Engine/Content/EngineMaterials/DefaultTextMaterialOpaque.uasset" 140
"../../../Engine/Content/EngineMaterials/DefaultWhiteGrid_Low.uasset" 141
"../../../Engine/Content/EngineMaterials/EmissiveMeshMaterial.uasset" 142
"../../../Engine/Content/EngineMaterials/GizmoMaterial.uasset" 143
"../../../Engine/Content/EngineMaterials/Good64x64TilingNoiseHighFreq.uasset" 144
"../../../Engine/Content/EngineMaterials/MiniFont.uasset" 145
"../../../Engine/Content/EngineMaterials/InvalidLightmapSettings.uasset" 146
"../../../Engine/Content/EngineMaterials/M_InvalidLightmapSettings.uasset" 147
"../../../Engine/Content/Functions/Engine_MaterialFunctions02/WorldPositionOffset/CameraOffset.uasset" 148
"../../../Engine/Content/EngineMaterials/PhAT_JointLimitMaterial.uasset" 149
"../../../Engine/Content/EngineMaterials/PreintegratedSkinBRDF.uasset" 150
"../../../Engine/Content/EngineMaterials/RemoveSurfaceMaterial.uasset" 151
"../../../Engine/Content/EngineResources/WhiteSquareTexture.uasset" 152
"../../../Engine/Content/EngineMaterials/Widget3DPassThrough.uasset" 153
"../../../Engine/Content/EngineMaterials/Widget3DPassThrough_Masked.uasset" 154
"../../../Engine/Content/EngineMaterials/Widget3DPassThrough_Opaque.uasset" 155
"../../../Engine/Content/EngineMaterials/Widget3DPassThrough_Masked_OneSided.uasset" 156
"../../../Engine/Content/EngineMaterials/Widget3DPassThrough_Opaque_OneSided.uasset" 157
"../../../Engine/Content/EngineMaterials/Widget3DPassThrough_Translucent.uasset" 158
"../../../Engine/Content/EngineMaterials/Widget3DPassThrough_Translucent_OneSided.uasset" 159
"../../../Engine/Content/EngineMeshes/Cylinder.uasset" 160
"../../../Engine/Content/EngineMeshes/Sphere.uasset" 161
"../../../Engine/Content/EngineResources/DefaultTextureCube.uasset" 162
"../../../Engine/Content/EngineResources/DefaultVolumeTexture2D.uasset" 163
"../../../Engine/Content/EngineResources/DefaultVolumeTexture.uasset" 164
"../../../Engine/Content/EngineResources/GradientTexture0.uasset" 165
"../../../Engine/Content/EngineSky/VolumetricClouds/T_NoiseShape64.uasset" 166
"../../../Engine/Content/EngineSky/VolumetricClouds/T_VolumeNoiseShape64.uasset" 167
"../../../Engine/Content/EngineSky/VolumetricClouds/T_NoiseErosion.uasset" 168
"../../../Engine/Content/EngineSky/VolumetricClouds/T_VolumeNoiseErosion32.uasset" 169
"../../../Engine/Content/EngineSky/VolumetricClouds/CloudWeatherTexture.uasset" 170
"../../../Engine/Content/EngineSky/VolumetricClouds/CloudGradientTexture.uasset" 171
"../../../Engine/Content/Functions/Engine_MaterialFunctions02/Utility/MakeFloat2.uasset" 172
"../../../Engine/Content/EngineSky/VolumetricClouds/m_SimpleVolumetricCloud.uasset" 173
"../../../Engine/Content/EngineSky/VolumetricClouds/m_SimpleVolumetricCloud_Inst.uasset" 174
"../../../Engine/Content/EngineSounds/Master.uasset" 175
"../../../Engine/Content/Functions/Engine_MaterialFunctions01/Shading/PowerToRoughness.uasset" 176
"../../../Engine/Content/Maps/Templates/Thumbnails/Default.uasset" 177
"../../../Engine/Content/Maps/Templates/Thumbnails/TimeOfDay.uasset" 178
"../../../Engine/Content/Maps/Templates/Thumbnails/VR-Basic.uasset" 179
"../../../Engine/Content/MobileResources/T_MobileControls_texture.uasset" 180
"../../../Engine/Content/MobileResources/T_MobileMenu2.uasset" 181
"../../../Engine/Content/MobileResources/HUD/AnalogHat.uasset" 182
"../../../Engine/Content/MobileResources/HUD/VirtualJoystick_Thumb.uasset" 183
"../../../Engine/Content/MobileResources/HUD/VirtualJoystick_Background.uasset" 184
"../../../Engine/Content/MobileResources/HUD/DefaultVirtualJoysticks.uasset" 185
"../../../Engine/Content/MobileResources/HUD/LeftVirtualJoystickOnly.uasset" 186
"../../../Engine/Content/MobileResources/HUD/MobileHUDButton1_off.uasset" 187
"../../../Engine/Content/MobileResources/HUD/MobileHUDButton1_on.uasset" 188
"../../../Engine/Content/MobileResources/HUD/MobileHUDButton2_off.uasset" 189
"../../../Engine/Content/MobileResources/HUD/MobileHUDButton2_on.uasset" 190
"../../../Engine/Content/MobileResources/HUD/MobileHUDButton3.uasset" 191
"../../../Engine/Content/MobileResources/HUD/MobileHUDButtonFire.uasset" 192
"../../../Engine/Content/MobileResources/HUD/MobileHUDDirectionPad.uasset" 193
"../../../Engine/Content/MobileResources/HUD/MobileHUDDirectionPad2.uasset" 194
"../../../Engine/Content/MobileResources/HUD/MobileHUDDirectionPad3.uasset" 195
"../../../Engine/Content/MobileResources/HUD/MobileHUDDirectionStick.uasset" 196
"../../../Engine/Content/MobileResources/HUD/T_Castle_ThumbstickInner.uasset" 197
"../../../Engine/Content/MobileResources/HUD/T_Castle_ThumbstickOutter.uasset" 198
"../../../Engine/Content/Tutorial/ContentIntroCurve.uasset" 199
"../../../Engine/Content/Tutorial/Basics/LevelEditorAttract.uasset" 200
"../../../Engine/Content/VREditor/TransformGizmo/TranslucentTransformGizmoMaterial.uasset" 201
"../../../Engine/Content/VREditor/LaserPointer/VR_LaserPower_01.uasset" 202
"../../../Engine/Content/VREditor/TransformGizmo/TransformGizmoMaterial.uasset" 203
"../../../Engine/Content/VREditor/TransformGizmo/BoundingBoxCorner.uasset" 204
"../../../Engine/Content/VREditor/TransformGizmo/BoundingBoxEdge.uasset" 205
"../../../Engine/Content/VREditor/TransformGizmo/PlaneTranslationHandle.uasset" 206
"../../../Engine/Content/VREditor/TransformGizmo/Xray.uasset" 207
"../../../Engine/Content/VREditor/TransformGizmo/Main.uasset" 208
"../../../Engine/Content/VREditor/TransformGizmo/SM_Sequencer_Key.uasset" 209
"../../../Engine/Content/VREditor/TransformGizmo/SM_Sequencer_Node.uasset" 210
"../../Plugins/2D/Paper2D/Content/PlaceholderTextures/DummySpriteTexture.uasset" 211
"../../Plugins/2D/Paper2D/Content/DummySprite.uasset" 212
"../../Plugins/2D/Paper2D/Content/DefaultPaperTerrainMaterial.uasset" 213
"../../Plugins/2D/Paper2D/Content/DefaultSpriteMaterial.uasset" 214
"../../Plugins/2D/Paper2D/Content/MaskedUnlitSpriteMaterial.uasset" 215
"../../Plugins/2D/Paper2D/Content/OpaqueUnlitSpriteMaterial.uasset" 216
"../../../Engine/Content/Functions/Engine_MaterialFunctions02/ObjectLocalBounds.uasset" 217
"../../../Engine/Content/Functions/Engine_MaterialFunctions02/Utility/BreakOutFloat3Components.uasset" 218
"../../Plugins/Editor/SpeedTreeImporter/Content/SpeedTree9/UnpackInteger3.uasset" 219
"../../Plugins/Editor/SpeedTreeImporter/Content/SpeedTree9/UnpackDirection.uasset" 220
"../../Plugins/Editor/SpeedTreeImporter/Content/SpeedTree9/game_wind_noise.uasset" 221
"../../../Engine/Content/Functions/Engine_MaterialFunctions02/SafeNormalize.uasset" 222
"../../Plugins/Editor/SpeedTreeImporter/Content/SpeedTree9/SpeedTreeWindMotion.uasset" 223
"../../Plugins/Editor/SpeedTreeImporter/Content/SpeedTree9/SpeedTreeBranchMotion.uasset" 224
"../../../Engine/Content/Functions/Engine_MaterialFunctions02/UVs/BoundingBoxBased_0-1_UVW.uasset" 225
"../../Plugins/Editor/SpeedTreeImporter/Content/SpeedTree9/SpeedTreeWind.uasset" 226
"../../Plugins/Editor/SpeedTreeImporter/Content/SpeedTree9/SpeedTreeBillboard.uasset" 227
"../../../Engine/Content/EngineResources/DefaultTexture.uasset" 228
"../../Plugins/Editor/SpeedTreeImporter/Content/SpeedTree9/SpeedTreeBillboardMaster.uasset" 229
"../../Plugins/Editor/SpeedTreeImporter/Content/SpeedTree9/SpeedTreeCameraFacing.uasset" 230
"../../Plugins/Editor/SpeedTreeImporter/Content/SpeedTree9/SpeedTreeMaster.uasset" 231
"../../Plugins/Experimental/Water/Content/Icons/WaterBodyIslandSprite.uasset" 232
"../../Plugins/Experimental/Water/Content/Icons/WaterBodyLakeSprite.uasset" 233
"../../Plugins/Experimental/Water/Content/Icons/WaterBodyRiverSprite.uasset" 234
"../../Plugins/Experimental/Water/Content/Icons/WaterSprite.uasset" 235
"../../Plugins/Experimental/Water/Content/Waves/GerstnerWaves_Ocean.uasset" 236
"../../../Engine/Content/BasicShapes/Cylinder.uasset" 237
"../../../Engine/Content/ArtTools/RenderToTexture/Materials/Debug/M_Emissive_Color.uasset" 238
"../../Plugins/Lumin/MagicLeapPassableWorld/Content/MagicLeapARPinInfoActor.uasset" 239
"D:/Work/Projects/GCS/HeavenVR-MasterFolder/HeavenVR2/Content/PN_mediterraneanPlants_I/Textures/PivotPainter/grass_01_01_VEC.uasset" 240
"D:/Work/Projects/GCS/HeavenVR-MasterFolder/HeavenVR2/Content/PN_mediterraneanPlants_I/Textures/PivotPainter/grass_01_01_PIV.uasset" 241
"D:/Work/Projects/GCS/HeavenVR-MasterFolder/HeavenVR2/Content/PN_mediterraneanPlants_I/Textures/MasterTextures/grass_N.uasset" 242
"D:/Work/Projects/GCS/HeavenVR-MasterFolder/HeavenVR2/Content/PN_mediterraneanPlants_I/Textures/MasterTextures/grass_AORO.uasset" 243
"D:/Work/Projects/GCS/HeavenVR-MasterFolder/HeavenVR2/Content/PN_mediterraneanPlants_I/Textures/MasterTextures/grass_A.uasset" 244
"../../../Engine/Content/Functions/Engine_MaterialFunctions02/ExampleContent/Textures/WindTurblenceVectorAndGustMagnitude.uasset" 245
"../../../Engine/Content/Functions/Engine_MaterialFunctions02/ExampleContent/PivotPainter2/test2_rgb_PivotPos_a_ParentIndexInt_UV_2.uasset" 246
"../../../Engine/Content/Functions/Engine_MaterialFunctions02/ExampleContent/PivotPainter2/PP2_rgb_XVect_a_XExtent.uasset" 247
"D:/Work/Projects/GCS/HeavenVR-MasterFolder/HeavenVR2/Content/PN_mediterraneanPlants_I/Materials/PN_WindParameters.uasset" 248
"../../../Engine/Content/Functions/Engine_MaterialFunctions02/Utility/VectorLength.uasset" 249
"../../../Engine/Content/Functions/Engine_MaterialFunctions02/WorldPositionOffset/ObjectScale.uasset" 250
"../../../Engine/Content/Functions/Engine_MaterialFunctions02/PivotPainter2/ms_PivotPainter2_DecodePostion.uasset" 251
"../../../Engine/Content/Functions/Engine_MaterialFunctions02/PivotPainter2/ms_PivotPainter2_DecodeAxisVector.uasset" 252
"../../../Engine/Content/Functions/Engine_MaterialFunctions02/PivotPainter2/ms_PivotPainter2_Decode8BitAlphaAxisExtent.uasset" 253
"../../../Engine/Content/Functions/Engine_MaterialFunctions02/ExampleContent/PivotPainter2/SimpExPivPos.uasset" 254
"D:/Work/Projects/GCS/HeavenVR-MasterFolder/HeavenVR2/Content/PN_mediterraneanPlants_I/Materials/MaterialFunctions/PN_WindAnimation.uasset" 255
"D:/Work/Projects/GCS/HeavenVR-MasterFolder/HeavenVR2/Content/PN_mediterraneanPlants_I/Materials/MaterialFunctions/PN_Bending.uasset" 256
"../../../Engine/Content/Functions/Engine_MaterialFunctions02/WorldPositionOffset/ObjectPivotPoint.uasset" 257
"D:/Work/Projects/GCS/HeavenVR-MasterFolder/HeavenVR2/Content/PN_mediterraneanPlants_I/Materials/MaterialFunctions/PN_MultiBend.uasset" 258
"../../../Engine/Content/Functions/Engine_MaterialFunctions02/PivotPainter2/2dArrayLookupByIndex.uasset" 259
"../../../Engine/Content/Functions/Engine_MaterialFunctions02/PivotPainter2/ms_PivotPainter2_ReturnParentTextureInfo.uasset" 260
"../../../Engine/Content/Functions/Engine_MaterialFunctions02/PivotPainter2/ms_PivotPainter2_CalculateMeshElementIndex.uasset" 261
"../../../Engine/Content/Functions/Engine_MaterialFunctions02/ms_PivotPainter2_UnpackIntegerAsFloat.uasset" 262
"../../../Engine/Content/Functions/Engine_MaterialFunctions02/Math/TimeWithSpeedVariable.uasset" 263
"../../../Engine/Content/Functions/Engine_MaterialFunctions02/Lerp_Multiple_Float2.uasset" 264
"D:/Work/Projects/GCS/HeavenVR-MasterFolder/HeavenVR2/Content/PN_mediterraneanPlants_I/Materials/MaterialFunctions/PN_BendingParameters.uasset" 265
"D:/Work/Projects/GCS/HeavenVR-MasterFolder/HeavenVR2/Content/PN_mediterraneanPlants_I/Materials/MaterialFunctions/PN_AnimationShader.uasset" 266
"../../../Engine/Content/Functions/Engine_MaterialFunctions01/Texturing/FlattenNormal.uasset" 267
"D:/Work/Projects/GCS/HeavenVR-MasterFolder/HeavenVR2/Content/PN_mediterraneanPlants_I/Materials/MA_Grass.uasset" 268
"D:/Work/Projects/GCS/HeavenVR-MasterFolder/HeavenVR2/Content/PN_mediterraneanPlants_I/Materials/Material_Instances/Grass/MI_Grass_01_01.uasset" 269
"D:/Work/Projects/GCS/HeavenVR-MasterFolder/HeavenVR2/Content/PN_mediterraneanPlants_I/Meshes/grass_01_01.uasset" 270
"D:/Work/Projects/GCS/HeavenVR-MasterFolder/HeavenVR2/Content/PN_mediterraneanPlants_I/Textures/PivotPainter/flower_05_VEC.uasset" 271
"D:/Work/Projects/GCS/HeavenVR-MasterFolder/HeavenVR2/Content/PN_mediterraneanPlants_I/Textures/PivotPainter/flower_05_PIV.uasset" 272
"D:/Work/Projects/GCS/HeavenVR-MasterFolder/HeavenVR2/Content/PN_mediterraneanPlants_I/Textures/MasterTextures/flower_N.uasset" 273
"D:/Work/Projects/GCS/HeavenVR-MasterFolder/HeavenVR2/Content/PN_mediterraneanPlants_I/Textures/MasterTextures/flower_AORO.uasset" 274
"D:/Work/Projects/GCS/HeavenVR-MasterFolder/HeavenVR2/Content/PN_mediterraneanPlants_I/Textures/MasterTextures/flower_A.uasset" 275
"D:/Work/Projects/GCS/HeavenVR-MasterFolder/HeavenVR2/Content/PN_mediterraneanPlants_I/Materials/MA_Flower.uasset" 276
"D:/Work/Projects/GCS/HeavenVR-MasterFolder/HeavenVR2/Content/PN_mediterraneanPlants_I/Materials/Material_Instances/Flower/MI_Flower_05.uasset" 277
"D:/Work/Projects/GCS/HeavenVR-MasterFolder/HeavenVR2/Content/PN_mediterraneanPlants_I/Meshes/flower_05.uasset" 278
"D:/Work/Projects/GCS/HeavenVR-MasterFolder/HeavenVR2/Content/PN_mediterraneanPlants_I/Textures/PivotPainter/flower_04_VEC.uasset" 279
"D:/Work/Projects/GCS/HeavenVR-MasterFolder/HeavenVR2/Content/PN_mediterraneanPlants_I/Textures/PivotPainter/flower_04_PIV.uasset" 280
"D:/Work/Projects/GCS/HeavenVR-MasterFolder/HeavenVR2/Content/PN_mediterraneanPlants_I/Materials/Material_Instances/Flower/MI_Flower_04.uasset" 281
"D:/Work/Projects/GCS/HeavenVR-MasterFolder/HeavenVR2/Content/PN_mediterraneanPlants_I/Meshes/flower_04.uasset" 282
"D:/Work/Projects/GCS/HeavenVR-MasterFolder/HeavenVR2/Content/PN_mediterraneanPlants_I/Textures/PivotPainter/flower_03_VEC.uasset" 283
"D:/Work/Projects/GCS/HeavenVR-MasterFolder/HeavenVR2/Content/PN_mediterraneanPlants_I/Textures/PivotPainter/flower_03_PIV.uasset" 284
"D:/Work/Projects/GCS/HeavenVR-MasterFolder/HeavenVR2/Content/PN_mediterraneanPlants_I/Materials/Material_Instances/Flower/MI_Flower_03.uasset" 285
"D:/Work/Projects/GCS/HeavenVR-MasterFolder/HeavenVR2/Content/PN_mediterraneanPlants_I/Meshes/flower_03.uasset" 286
"D:/Work/Projects/GCS/HeavenVR-MasterFolder/HeavenVR2/Content/PN_mediterraneanPlants_I/Textures/PivotPainter/flower_02_VEC.uasset" 287
"D:/Work/Projects/GCS/HeavenVR-MasterFolder/HeavenVR2/Content/PN_mediterraneanPlants_I/Textures/PivotPainter/flower_02_PIV.uasset" 288
"D:/Work/Projects/GCS/HeavenVR-MasterFolder/HeavenVR2/Content/PN_mediterraneanPlants_I/Materials/Material_Instances/Flower/MI_Flower_02.uasset" 289
"D:/Work/Projects/GCS/HeavenVR-MasterFolder/HeavenVR2/Content/PN_mediterraneanPlants_I/Meshes/flower_02.uasset" 290
"D:/Work/Projects/GCS/HeavenVR-MasterFolder/HeavenVR2/Content/PN_mediterraneanPlants_I/Textures/PivotPainter/flower_01_VEC.uasset" 291
"D:/Work/Projects/GCS/HeavenVR-MasterFolder/HeavenVR2/Content/PN_mediterraneanPlants_I/Textures/PivotPainter/flower_01_PIV.uasset" 292
"D:/Work/Projects/GCS/HeavenVR-MasterFolder/HeavenVR2/Content/PN_mediterraneanPlants_I/Materials/Material_Instances/Flower/MI_Flower_01.uasset" 293
"D:/Work/Projects/GCS/HeavenVR-MasterFolder/HeavenVR2/Content/PN_mediterraneanPlants_I/Meshes/flower_01.uasset" 294
"D:/Work/Projects/GCS/HeavenVR-MasterFolder/HeavenVR2/Content/PN_mediterraneanPlants_I/Textures/PivotPainter/bush_04_VEC.uasset" 295
"D:/Work/Projects/GCS/HeavenVR-MasterFolder/HeavenVR2/Content/PN_mediterraneanPlants_I/Textures/PivotPainter/bush_04_PIV.uasset" 296
"D:/Work/Projects/GCS/HeavenVR-MasterFolder/HeavenVR2/Content/PN_mediterraneanPlants_I/Textures/MasterTextures/bush_N.uasset" 297
"D:/Work/Projects/GCS/HeavenVR-MasterFolder/HeavenVR2/Content/PN_mediterraneanPlants_I/Textures/MasterTextures/bush_AORO.uasset" 298
"D:/Work/Projects/GCS/HeavenVR-MasterFolder/HeavenVR2/Content/PN_mediterraneanPlants_I/Textures/MasterTextures/bush_A.uasset" 299
"D:/Work/Projects/GCS/HeavenVR-MasterFolder/HeavenVR2/Content/PN_mediterraneanPlants_I/Materials/MA_Bush.uasset" 300
"D:/Work/Projects/GCS/HeavenVR-MasterFolder/HeavenVR2/Content/PN_mediterraneanPlants_I/Materials/Material_Instances/Bush/MI_Bush_04.uasset" 301
"D:/Work/Projects/GCS/HeavenVR-MasterFolder/HeavenVR2/Content/PN_mediterraneanPlants_I/Meshes/bush_04.uasset" 302
"D:/Work/Projects/GCS/HeavenVR-MasterFolder/HeavenVR2/Content/PN_mediterraneanPlants_I/Textures/PivotPainter/bush_03_VEC.uasset" 303
"D:/Work/Projects/GCS/HeavenVR-MasterFolder/HeavenVR2/Content/PN_mediterraneanPlants_I/Textures/PivotPainter/bush_03_PIV.uasset" 304
"D:/Work/Projects/GCS/HeavenVR-MasterFolder/HeavenVR2/Content/PN_mediterraneanPlants_I/Materials/Material_Instances/Bush/MI_Bush_03.uasset" 305
"D:/Work/Projects/GCS/HeavenVR-MasterFolder/HeavenVR2/Content/PN_mediterraneanPlants_I/Meshes/bush_03.uasset" 306
"D:/Work/Projects/GCS/HeavenVR-MasterFolder/HeavenVR2/Content/PN_mediterraneanPlants_I/Textures/PivotPainter/bush_02_VEC.uasset" 307
"D:/Work/Projects/GCS/HeavenVR-MasterFolder/HeavenVR2/Content/PN_mediterraneanPlants_I/Textures/PivotPainter/bush_02_PIV.uasset" 308
"D:/Work/Projects/GCS/HeavenVR-MasterFolder/HeavenVR2/Content/PN_mediterraneanPlants_I/Materials/Material_Instances/Bush/MI_Bush_02.uasset" 309
"D:/Work/Projects/GCS/HeavenVR-MasterFolder/HeavenVR2/Content/PN_mediterraneanPlants_I/Meshes/bush_02.uasset" 310
"D:/Work/Projects/GCS/HeavenVR-MasterFolder/HeavenVR2/Content/PN_mediterraneanPlants_I/Textures/PivotPainter/bush_01_VEC.uasset" 311
"D:/Work/Projects/GCS/HeavenVR-MasterFolder/HeavenVR2/Content/PN_mediterraneanPlants_I/Textures/PivotPainter/bush_01_PIV.uasset" 312
"D:/Work/Projects/GCS/HeavenVR-MasterFolder/HeavenVR2/Content/PN_mediterraneanPlants_I/Materials/Material_Instances/Bush/MI_Bush_01.uasset" 313
"D:/Work/Projects/GCS/HeavenVR-MasterFolder/HeavenVR2/Content/PN_mediterraneanPlants_I/Meshes/bush_01.uasset" 314
"D:/Work/Projects/GCS/HeavenVR-MasterFolder/HeavenVR2/Content/PN_mediterraneanPlants_I/Textures/PivotPainter/agave_06_VEC.uasset" 315
"D:/Work/Projects/GCS/HeavenVR-MasterFolder/HeavenVR2/Content/PN_mediterraneanPlants_I/Textures/PivotPainter/agave_06_PIV.uasset" 316
"D:/Work/Projects/GCS/HeavenVR-MasterFolder/HeavenVR2/Content/PN_mediterraneanPlants_I/Textures/MasterTextures/agave_leaf_N.uasset" 317
"D:/Work/Projects/GCS/HeavenVR-MasterFolder/HeavenVR2/Content/PN_mediterraneanPlants_I/Textures/MasterTextures/agave_leaf_AORO.uasset" 318
"D:/Work/Projects/GCS/HeavenVR-MasterFolder/HeavenVR2/Content/PN_mediterraneanPlants_I/Textures/MasterTextures/agave_leaf_A.uasset" 319
"D:/Work/Projects/GCS/HeavenVR-MasterFolder/HeavenVR2/Content/PN_mediterraneanPlants_I/Textures/MasterTextures/agave_bark_N.uasset" 320
"D:/Work/Projects/GCS/HeavenVR-MasterFolder/HeavenVR2/Content/PN_mediterraneanPlants_I/Textures/MasterTextures/agave_bark_AORH.uasset" 321
"D:/Work/Projects/GCS/HeavenVR-MasterFolder/HeavenVR2/Content/PN_mediterraneanPlants_I/Textures/MasterTextures/agave_bark_A.uasset" 322
"D:/Work/Projects/GCS/HeavenVR-MasterFolder/HeavenVR2/Content/PN_mediterraneanPlants_I/Materials/MA_Agave.uasset" 323
"D:/Work/Projects/GCS/HeavenVR-MasterFolder/HeavenVR2/Content/PN_mediterraneanPlants_I/Materials/Material_Instances/Agave/MAI_Agave_06.uasset" 324
"D:/Work/Projects/GCS/HeavenVR-MasterFolder/HeavenVR2/Content/PN_mediterraneanPlants_I/Materials/Material_Instances/Agave/MI_Agave_06_trunk.uasset" 325
"D:/Work/Projects/GCS/HeavenVR-MasterFolder/HeavenVR2/Content/PN_mediterraneanPlants_I/Materials/Material_Instances/Agave/MI_Agave_06_leaf.uasset" 326
"D:/Work/Projects/GCS/HeavenVR-MasterFolder/HeavenVR2/Content/PN_mediterraneanPlants_I/Meshes/agave_06.uasset" 327
"D:/Work/Projects/GCS/HeavenVR-MasterFolder/HeavenVR2/Content/PN_mediterraneanPlants_I/Textures/PivotPainter/agave_05_VEC.uasset" 328
"D:/Work/Projects/GCS/HeavenVR-MasterFolder/HeavenVR2/Content/PN_mediterraneanPlants_I/Textures/PivotPainter/agave_05_PIV.uasset" 329
"D:/Work/Projects/GCS/HeavenVR-MasterFolder/HeavenVR2/Content/PN_mediterraneanPlants_I/Materials/Material_Instances/Agave/MAI_Agave_05.uasset" 330
"D:/Work/Projects/GCS/HeavenVR-MasterFolder/HeavenVR2/Content/PN_mediterraneanPlants_I/Materials/Material_Instances/Agave/MI_Agave_05_trunk.uasset" 331
"D:/Work/Projects/GCS/HeavenVR-MasterFolder/HeavenVR2/Content/PN_mediterraneanPlants_I/Materials/Material_Instances/Agave/MI_Agave_05_leaf.uasset" 332
"D:/Work/Projects/GCS/HeavenVR-MasterFolder/HeavenVR2/Content/PN_mediterraneanPlants_I/Meshes/agave_05.uasset" 333
"D:/Work/Projects/GCS/HeavenVR-MasterFolder/HeavenVR2/Content/PN_mediterraneanPlants_I/Textures/PivotPainter/agave_04_VEC.uasset" 334
"D:/Work/Projects/GCS/HeavenVR-MasterFolder/HeavenVR2/Content/PN_mediterraneanPlants_I/Textures/PivotPainter/agave_04_PIV.uasset" 335
"D:/Work/Projects/GCS/HeavenVR-MasterFolder/HeavenVR2/Content/PN_mediterraneanPlants_I/Materials/Material_Instances/Agave/MI_Agave_04.uasset" 336
"D:/Work/Projects/GCS/HeavenVR-MasterFolder/HeavenVR2/Content/PN_mediterraneanPlants_I/Meshes/agave_04.uasset" 337
"D:/Work/Projects/GCS/HeavenVR-MasterFolder/HeavenVR2/Content/PN_mediterraneanPlants_I/Textures/PivotPainter/agave_03_VEC.uasset" 338
"D:/Work/Projects/GCS/HeavenVR-MasterFolder/HeavenVR2/Content/PN_mediterraneanPlants_I/Textures/PivotPainter/agave_03_PIV.uasset" 339
"D:/Work/Projects/GCS/HeavenVR-MasterFolder/HeavenVR2/Content/PN_mediterraneanPlants_I/Materials/Material_Instances/Agave/MI_Agave_03.uasset" 340
"D:/Work/Projects/GCS/HeavenVR-MasterFolder/HeavenVR2/Content/PN_mediterraneanPlants_I/Meshes/agave_03.uasset" 341
"D:/Work/Projects/GCS/HeavenVR-MasterFolder/HeavenVR2/Content/PN_mediterraneanPlants_I/Textures/PivotPainter/agave_02_VEC.uasset" 342
"D:/Work/Projects/GCS/HeavenVR-MasterFolder/HeavenVR2/Content/PN_mediterraneanPlants_I/Textures/PivotPainter/agave_02_PIV.uasset" 343
"D:/Work/Projects/GCS/HeavenVR-MasterFolder/HeavenVR2/Content/PN_mediterraneanPlants_I/Materials/Material_Instances/Agave/MI_Agave_02.uasset" 344
"D:/Work/Projects/GCS/HeavenVR-MasterFolder/HeavenVR2/Content/PN_mediterraneanPlants_I/Meshes/agave_02.uasset" 345
"D:/Work/Projects/GCS/HeavenVR-MasterFolder/HeavenVR2/Content/PN_mediterraneanPlants_I/Textures/PivotPainter/agave_01_VEC.uasset" 346
"D:/Work/Projects/GCS/HeavenVR-MasterFolder/HeavenVR2/Content/PN_mediterraneanPlants_I/Textures/PivotPainter/agave_01_PIV.uasset" 347
"D:/Work/Projects/GCS/HeavenVR-MasterFolder/HeavenVR2/Content/PN_mediterraneanPlants_I/Materials/Material_Instances/Agave/MI_Agave_01.uasset" 348
"D:/Work/Projects/GCS/HeavenVR-MasterFolder/HeavenVR2/Content/PN_mediterraneanPlants_I/Meshes/agave_01.uasset" 349
"D:/Work/Projects/GCS/HeavenVR-MasterFolder/HeavenVR2/Content/Animals/3HeadedBird/3Bird_Skeleton.uasset" 350
"D:/Work/Projects/GCS/HeavenVR-MasterFolder/HeavenVR2/Content/Animals/3HeadedBird/3Bird_PhysicsAsset.uasset" 351
"D:/Work/Projects/GCS/HeavenVR-MasterFolder/HeavenVR2/Content/_Assets/Landscapes/TestTextures1x1/TestSection1x1_TL_1x1_4_Normal.uasset" 352
"D:/Work/Projects/GCS/HeavenVR-MasterFolder/HeavenVR2/Content/_Assets/Landscapes/TestSection3x3/TopLeft/TestTextures_3x3/TestSection_TL_OcclusionRoughnessMetallic.uasset" 353
"D:/Work/Projects/GCS/HeavenVR-MasterFolder/HeavenVR2/Content/_Assets/Landscapes/TestSection3x3/TopLeft/TestTextures_3x3/TestSection_TL_BaseColor.uasset" 354
"D:/Work/Projects/GCS/HeavenVR-MasterFolder/HeavenVR2/Content/_Assets/_materials/M_Master.uasset" 355
"D:/Work/Projects/GCS/HeavenVR-MasterFolder/HeavenVR2/Content/Animals/3HeadedBird/Textures_Unreal_New/Bird2_Normal.uasset" 356
"D:/Work/Projects/GCS/HeavenVR-MasterFolder/HeavenVR2/Content/Animals/3HeadedBird/Textures_Unreal_New/Bird2_BaseColor.uasset" 357
"D:/Work/Projects/GCS/HeavenVR-MasterFolder/HeavenVR2/Content/Animals/3HeadedBird/Textures_Unreal_New/MI_3Bird_Inst.uasset" 358
"D:/Work/Projects/GCS/HeavenVR-MasterFolder/HeavenVR2/Content/Animals/3HeadedBird/3Bird.uasset" 359
"D:/Work/Projects/GCS/HeavenVR-MasterFolder/HeavenVR2/Content/_Assets/Tree2_Textures/Juliyas_Tree2_LOD0_ORM.uasset" 360
"D:/Work/Projects/GCS/HeavenVR-MasterFolder/HeavenVR2/Content/_Assets/Tree2_Textures/Juliyas_Tree2_LOD0_N.uasset" 361
"D:/Work/Projects/GCS/HeavenVR-MasterFolder/HeavenVR2/Content/_Assets/Tree2_Textures/Juliyas_Tree2_LOD0_BC.uasset" 362
"D:/Work/Projects/GCS/HeavenVR-MasterFolder/HeavenVR2/Content/_Assets/Tree2_Textures/M_JulTree2.uasset" 363
"D:/Work/Projects/GCS/HeavenVR-MasterFolder/HeavenVR2/Content/_Assets/Tree2_Textures/Juliyas_Leaf2_LOD0_BC.uasset" 364
"D:/Work/Projects/GCS/HeavenVR-MasterFolder/HeavenVR2/Content/_Assets/Tree2_Textures/M_JulLeaf.uasset" 365
"D:/Work/Projects/GCS/HeavenVR-MasterFolder/HeavenVR2/Content/_Assets/Tree2_Textures/Tree3_Imposter_JuliyaVer4.uasset" 366
"D:/Work/Projects/GCS/HeavenVR-MasterFolder/HeavenVR2/Content/_Assets/Tree2_Textures/M_JulBillB.uasset" 367
"D:/Work/Projects/GCS/HeavenVR-MasterFolder/HeavenVR2/Content/_Assets/trees/Tree3_LOD0_LightmapTest.uasset" 368
"D:/Work/Projects/GCS/HeavenVR-MasterFolder/HeavenVR2/Content/_Assets/trees/tree3/textures/Tree3_Imposter.uasset" 369
"D:/Work/Projects/GCS/HeavenVR-MasterFolder/HeavenVR2/Content/_Assets/trees/tree1/improvedTreeTextures/tree_imposter.uasset" 370
"D:/Work/Projects/GCS/HeavenVR-MasterFolder/HeavenVR2/Content/_Assets/trees/M_Imposter.uasset" 371
"D:/Work/Projects/GCS/HeavenVR-MasterFolder/HeavenVR2/Content/_Assets/trees/tree3/textures/M_Tree3Imposter.uasset" 372
"D:/Work/Projects/GCS/HeavenVR-MasterFolder/HeavenVR2/Content/_Assets/trees/tree3/textures/tree3_import_lambert14_Normal.uasset" 373
"D:/Work/Projects/GCS/HeavenVR-MasterFolder/HeavenVR2/Content/_Assets/trees/tree3/textures/tree3_import_lambert14_BaseColor.uasset" 374
"D:/Work/Projects/GCS/HeavenVR-MasterFolder/HeavenVR2/Content/_Assets/trees/tree3/textures/M_Tree3.uasset" 375
"D:/Work/Projects/GCS/HeavenVR-MasterFolder/HeavenVR2/Content/_Assets/trees/tree3/textures/Leave_B.uasset" 376
"D:/Work/Projects/GCS/HeavenVR-MasterFolder/HeavenVR2/Content/_Assets/Foilage/Trees/materials/M_Leave8.uasset" 377
"D:/Work/Projects/GCS/HeavenVR-MasterFolder/HeavenVR2/Content/_Assets/trees/tree3/tree3.uasset" 378
"D:/Work/Projects/GCS/HeavenVR-MasterFolder/HeavenVR2/Content/_Assets/trees/tree1/improvedTreeTextures/M_Tree1Imposter.uasset" 379
"D:/Work/Projects/GCS/HeavenVR-MasterFolder/HeavenVR2/Content/_Assets/trees/tree1/Tree_LOD3.uasset" 380
"D:/Work/Projects/GCS/HeavenVR-MasterFolder/HeavenVR2/Content/_Assets/trees/tree1/improvedTreeTextures/tree_normals.uasset" 381
"D:/Work/Projects/GCS/HeavenVR-MasterFolder/HeavenVR2/Content/_Assets/trees/tree1/improvedTreeTextures/tree_base.uasset" 382
"D:/Work/Projects/GCS/HeavenVR-MasterFolder/HeavenVR2/Content/_Assets/trees/tree1/improvedTreeTextures/tree_ARM.uasset" 383
"D:/Work/Projects/GCS/HeavenVR-MasterFolder/HeavenVR2/Content/_Assets/trees/tree1/improvedTreeTextures/tree_base_Mat.uasset" 384
"D:/Work/Projects/GCS/HeavenVR-MasterFolder/HeavenVR2/Content/_Assets/trees/tree1/improvedTreeTextures/leaves_textures.uasset" 385
"D:/Work/Projects/GCS/HeavenVR-MasterFolder/HeavenVR2/Content/_Assets/Foilage/Trees/materials/M_Leave7.uasset" 386
"D:/Work/Projects/GCS/HeavenVR-MasterFolder/HeavenVR2/Content/_Assets/trees/tree1/Tree_LOD0.uasset" 387
"D:/Work/Projects/GCS/HeavenVR-MasterFolder/HeavenVR2/Content/_Assets/Foilage/Trees/textures/tree_leave.uasset" 388
"D:/Work/Projects/GCS/HeavenVR-MasterFolder/HeavenVR2/Content/_Assets/Foilage/Trees/materials/M_leave6.uasset" 389
"D:/Work/Projects/GCS/HeavenVR-MasterFolder/HeavenVR2/Content/_Assets/Foilage/Trees/lambert1.uasset" 390
"D:/Work/Projects/GCS/HeavenVR-MasterFolder/HeavenVR2/Content/_Assets/Foilage/Trees/tree1_lod0.uasset" 391
"D:/Work/Projects/GCS/HeavenVR-MasterFolder/HeavenVR2/Content/_Assets/Foilage/Trees/tree.uasset" 392
"D:/Work/Projects/GCS/HeavenVR-MasterFolder/HeavenVR2/Content/_Assets/Foilage/Trees/textures/Leaves/leaves4.uasset" 393
"D:/Work/Projects/GCS/HeavenVR-MasterFolder/HeavenVR2/Content/_Assets/Foilage/Trees/materials/M_Leave4.uasset" 394
"D:/Work/Projects/GCS/HeavenVR-MasterFolder/HeavenVR2/Content/_Assets/Foilage/Trees/textures/JesusTree_blood_OcclusionRoughnessMetallic.uasset" 395
"D:/Work/Projects/GCS/HeavenVR-MasterFolder/HeavenVR2/Content/_Assets/Foilage/Trees/textures/JesusTree_blood_Normal.uasset" 396
"D:/Work/Projects/GCS/HeavenVR-MasterFolder/HeavenVR2/Content/_Assets/Foilage/Trees/textures/JesusTree_blood_BaseColor.uasset" 397
"D:/Work/Projects/GCS/HeavenVR-MasterFolder/HeavenVR2/Content/_Assets/Foilage/Trees/materials/M_JesusTreeBlood.uasset" 398
"D:/Work/Projects/GCS/HeavenVR-MasterFolder/HeavenVR2/Content/_Assets/Foilage/Trees/JesusTree_1.uasset" 399
"D:/Work/Projects/GCS/HeavenVR-MasterFolder/HeavenVR2/Content/_Assets/Foilage/Grass/Textures/grass1_imposter2.uasset" 400
"D:/Work/Projects/GCS/HeavenVR-MasterFolder/HeavenVR2/Content/_Assets/Foilage/Grass/Materials/Grass_1_Imposter.uasset" 401
"D:/Work/Projects/GCS/HeavenVR-MasterFolder/HeavenVR2/Content/_Assets/Foilage/Grass/Materials/M_grass_Lod1.uasset" 402
"D:/Work/Projects/GCS/HeavenVR-MasterFolder/HeavenVR2/Content/_Assets/Foilage/Grass/Textures/qheqG_4K_Translucency.uasset" 403
"D:/Work/Projects/GCS/HeavenVR-MasterFolder/HeavenVR2/Content/_Assets/Foilage/Grass/Textures/qheqG_4K_Roughness.uasset" 404
"D:/Work/Projects/GCS/HeavenVR-MasterFolder/HeavenVR2/Content/_Assets/Foilage/Grass/Textures/qheqG_4K_Opacity.uasset" 405
"D:/Work/Projects/GCS/HeavenVR-MasterFolder/HeavenVR2/Content/_Assets/Foilage/Grass/Textures/qheqG_4K_Albedo.uasset" 406
"../../../Engine/Content/EngineMaterials/DefaultNormal.uasset" 407
"../../../Engine/Content/Functions/Engine_MaterialFunctions02/Math/MultiplyAdd.uasset" 408
"../../../Engine/Content/EngineMaterials/DefaultWhiteGrid.uasset" 409
"D:/Work/Projects/GCS/HeavenVR-MasterFolder/HeavenVR2/Content/_Assets/Foilage/Grass/Materials/M_Foilage_Master.uasset" 410
"D:/Work/Projects/GCS/HeavenVR-MasterFolder/HeavenVR2/Content/_Assets/Foilage/Grass/Materials/M_Grass_1.uasset" 411
"D:/Work/Projects/GCS/HeavenVR-MasterFolder/HeavenVR2/Content/_Assets/Foilage/Grass/Grass_1_Lod0.uasset" 412
"D:/Work/Projects/GCS/HeavenVR-MasterFolder/HeavenVR2/Content/_Assets/Foilage/flowers/flowers.uasset" 413
"D:/Work/Projects/GCS/HeavenVR-MasterFolder/HeavenVR2/Content/_Assets/Foilage/flowers/M_Flowers.uasset" 414
"D:/Work/Projects/GCS/HeavenVR-MasterFolder/HeavenVR2/Content/_Assets/Foilage/flowers/Plant_Flower_B_LOD1.uasset" 415
"D:/Work/Projects/GCS/HeavenVR-MasterFolder/HeavenVR2/Content/_Assets/Foilage/flowers/Plant_Flower_A_LOD2.uasset" 416
"D:/Work/Projects/GCS/HeavenVR-MasterFolder/HeavenVR2/Content/_Assets/Foilage/flowers/Plant_Flower_A2_LOD1.uasset" 417
"D:/Work/Projects/GCS/HeavenVR-MasterFolder/HeavenVR2/Content/_Assets/EpicContent/Textures/Water/T_SmallWaves_N.uasset" 418
"D:/Work/Projects/GCS/HeavenVR-MasterFolder/HeavenVR2/Content/_Assets/EpicContent/Textures/Water/T_Seafoam_01.uasset" 419
"D:/Work/Projects/GCS/HeavenVR-MasterFolder/HeavenVR2/Content/_Assets/EpicContent/Textures/Water/T_LargeWaves_N.uasset" 420
"D:/Work/Projects/GCS/HeavenVR-MasterFolder/HeavenVR2/Content/_Assets/EpicContent/Textures/Water/T_LargeWaves_H.uasset" 421
"D:/Work/Projects/GCS/HeavenVR-MasterFolder/HeavenVR2/Content/_Assets/Decorations/Structures/Textures/Structure5/struct5_wall_low_lambert2_OcclusionRoughnessMetallic.uasset" 422
"D:/Work/Projects/GCS/HeavenVR-MasterFolder/HeavenVR2/Content/_Assets/Decorations/Structures/Textures/Structure5/struct5_wall_low_lambert2_Normal.uasset" 423
"D:/Work/Projects/GCS/HeavenVR-MasterFolder/HeavenVR2/Content/_Assets/Decorations/Structures/Textures/Structure5/struct5_wall_low_lambert2_BaseColor.uasset" 424
"D:/Work/Projects/GCS/HeavenVR-MasterFolder/HeavenVR2/Content/_Assets/Decorations/Structures/Textures/Structure5/struct5_tree_low_lambert1_OcclusionRoughnessMetallic.uasset" 425
"D:/Work/Projects/GCS/HeavenVR-MasterFolder/HeavenVR2/Content/_Assets/Decorations/Structures/Textures/Structure5/struct5_tree_low_lambert1_Normal.uasset" 426
"D:/Work/Projects/GCS/HeavenVR-MasterFolder/HeavenVR2/Content/_Assets/Decorations/Structures/Textures/Structure5/struct5_tree_low_lambert1_BaseColor.uasset" 427
"D:/Work/Projects/GCS/HeavenVR-MasterFolder/HeavenVR2/Content/_Assets/Decorations/Structures/Textures/Structure5/M_Structure5.uasset" 428
"D:/Work/Projects/GCS/HeavenVR-MasterFolder/HeavenVR2/Content/_Assets/Decorations/Structures/Textures/Structure5/M_Structure5_Wall_Inst.uasset" 429
"D:/Work/Projects/GCS/HeavenVR-MasterFolder/HeavenVR2/Content/_Assets/Decorations/Structures/Textures/Structure5/M_Structure5_Tree_Inst.uasset" 430
"D:/Work/Projects/GCS/HeavenVR-MasterFolder/HeavenVR2/Content/_Assets/Decorations/Structures/stucture5/structure5.uasset" 431
"D:/Work/Projects/GCS/HeavenVR-MasterFolder/HeavenVR2/Content/_Assets/Decorations/Structures/Textures/Structur4/Textures/structure4_5_lambert3_Normal.uasset" 432
"D:/Work/Projects/GCS/HeavenVR-MasterFolder/HeavenVR2/Content/_Assets/Decorations/Structures/Textures/Structur4/Textures/structure4_5_lambert3_BaseColor.uasset" 433
"D:/Work/Projects/GCS/HeavenVR-MasterFolder/HeavenVR2/Content/_Assets/Decorations/Structures/Textures/Structur4/Textures/MI_Structure4_5.uasset" 434
"D:/Work/Projects/GCS/HeavenVR-MasterFolder/HeavenVR2/Content/_Assets/Decorations/Structures/structure4/Structure_4_5.uasset" 435
"D:/Work/Projects/GCS/HeavenVR-MasterFolder/HeavenVR2/Content/_Assets/Decorations/Structures/lambert1.uasset" 436
"D:/Work/Projects/GCS/HeavenVR-MasterFolder/HeavenVR2/Content/_Assets/Decorations/Structures/structure4/structure_4_4.uasset" 437
"D:/Work/Projects/GCS/HeavenVR-MasterFolder/HeavenVR2/Content/_Assets/Decorations/Structures/structure4/structure_4_3.uasset" 438
"D:/Work/Projects/GCS/HeavenVR-MasterFolder/HeavenVR2/Content/_Assets/Decorations/Structures/structure4/structure_4_2.uasset" 439
"D:/Work/Projects/GCS/HeavenVR-MasterFolder/HeavenVR2/Content/_Assets/Decorations/Structures/Textures/Structur4/structure_4_BaseColor.uasset" 440
"D:/Work/Projects/GCS/HeavenVR-MasterFolder/HeavenVR2/Content/_Assets/Decorations/Structures/Textures/Structur4/M_Structure4.uasset" 441
"D:/Work/Projects/GCS/HeavenVR-MasterFolder/HeavenVR2/Content/_Assets/Decorations/Structures/structure4/structure_4.uasset" 442
"D:/Work/Projects/GCS/HeavenVR-MasterFolder/HeavenVR2/Content/_Assets/Decorations/Structures/structure4/structure4_6.uasset" 443
"D:/Work/Projects/GCS/HeavenVR-MasterFolder/HeavenVR2/Content/_Assets/Decorations/Structures/Textures/Structur4/Textures/structure_4_lambert1_Normal.uasset" 444
"D:/Work/Projects/GCS/HeavenVR-MasterFolder/HeavenVR2/Content/_Assets/Decorations/Structures/Textures/Structur4/Textures/structure_4_lambert1_BaseColor.uasset" 445
"D:/Work/Projects/GCS/HeavenVR-MasterFolder/HeavenVR2/Content/_Assets/Decorations/Structures/Textures/Structur4/Textures/MI_Structure4.uasset" 446
"D:/Work/Projects/GCS/HeavenVR-MasterFolder/HeavenVR2/Content/_Assets/Decorations/Structures/structure4/rock.uasset" 447
"D:/Work/Projects/GCS/HeavenVR-MasterFolder/HeavenVR2/Content/_Assets/Decorations/Structures/Textures/Structure1/structure1_V3fbx_structure1_OcclusionRoughnessMetallic.uasset" 448
"D:/Work/Projects/GCS/HeavenVR-MasterFolder/HeavenVR2/Content/_Assets/Decorations/Structures/Textures/Structure1/structure1_V3fbx_structure1_Normal.uasset" 449
"D:/Work/Projects/GCS/HeavenVR-MasterFolder/HeavenVR2/Content/_Assets/Decorations/Structures/Textures/Structure1/structure1_V3fbx_structure1_BaseColor.uasset" 450
"D:/Work/Projects/GCS/HeavenVR-MasterFolder/HeavenVR2/Content/_Assets/Decorations/Structures/Textures/Structure1/Structure1_Mat.uasset" 451
"D:/Work/Projects/GCS/HeavenVR-MasterFolder/HeavenVR2/Content/_Assets/Decorations/Structures/Textures/Structure1/Structure1_Mat_Inst.uasset" 452
"D:/Work/Projects/GCS/HeavenVR-MasterFolder/HeavenVR2/Content/_Assets/Decorations/Structures/structure.uasset" 453
"D:/Work/Projects/GCS/HeavenVR-MasterFolder/HeavenVR2/Content/_Assets/Decorations/Structures/Textures/Shrine/shrine_Default_Material_Roughness.uasset" 454
"D:/Work/Projects/GCS/HeavenVR-MasterFolder/HeavenVR2/Content/_Assets/Decorations/Structures/Textures/Shrine/shrine_Default_Material_Normal.uasset" 455
"D:/Work/Projects/GCS/HeavenVR-MasterFolder/HeavenVR2/Content/_Assets/Decorations/Structures/Textures/Shrine/shrine_Default_Material_Metallic.uasset" 456
"D:/Work/Projects/GCS/HeavenVR-MasterFolder/HeavenVR2/Content/_Assets/Decorations/Structures/Textures/Shrine/shrine_Default_Material_BaseColor.uasset" 457
"D:/Work/Projects/GCS/HeavenVR-MasterFolder/HeavenVR2/Content/_Assets/Decorations/Structures/ShrineMat.uasset" 458
"D:/Work/Projects/GCS/HeavenVR-MasterFolder/HeavenVR2/Content/_Assets/Decorations/Structures/shrine.uasset" 459
"D:/Work/Projects/GCS/HeavenVR-MasterFolder/HeavenVR2/Content/_Assets/Decorations/Structures/Textures/Structure3/BirdStructure3_LOD0_lambert1_001_Roughness.uasset" 460
"D:/Work/Projects/GCS/HeavenVR-MasterFolder/HeavenVR2/Content/_Assets/Decorations/Structures/Textures/Structure3/BirdStructure3_LOD0_lambert1_001_Normal.uasset" 461
"D:/Work/Projects/GCS/HeavenVR-MasterFolder/HeavenVR2/Content/_Assets/Decorations/Structures/Textures/Structure3/BirdStructure3_LOD0_lambert1_001_Metallic.uasset" 462
"D:/Work/Projects/GCS/HeavenVR-MasterFolder/HeavenVR2/Content/_Assets/Decorations/Structures/Textures/Structure3/BirdStructure3_LOD0_lambert1_001_BaseColor.uasset" 463
"D:/Work/Projects/GCS/HeavenVR-MasterFolder/HeavenVR2/Content/_Assets/Decorations/Structures/Textures/Structure3/Structure3_Mat.uasset" 464
"D:/Work/Projects/GCS/HeavenVR-MasterFolder/HeavenVR2/Content/_Assets/Decorations/Structures/Textures/Structure3/Structure3_Mat_Inst.uasset" 465
"D:/Work/Projects/GCS/HeavenVR-MasterFolder/HeavenVR2/Content/_Assets/Decorations/Structures/BirdStructure3.uasset" 466
"D:/Work/Projects/GCS/HeavenVR-MasterFolder/HeavenVR2/Content/_Assets/Decorations/Structures/Textures/Structure2/BirdStructure2_Roughness.uasset" 467
"D:/Work/Projects/GCS/HeavenVR-MasterFolder/HeavenVR2/Content/_Assets/Decorations/Structures/Textures/Structure2/BirdStructure2_Normal.uasset" 468
"D:/Work/Projects/GCS/HeavenVR-MasterFolder/HeavenVR2/Content/_Assets/Decorations/Structures/Textures/Structure2/BirdStructure2_Metallic.uasset" 469
"D:/Work/Projects/GCS/HeavenVR-MasterFolder/HeavenVR2/Content/_Assets/Decorations/Structures/Textures/Structure2/BirdStructure2_BaseColor.uasset" 470
"D:/Work/Projects/GCS/HeavenVR-MasterFolder/HeavenVR2/Content/_Assets/Decorations/Structures/Textures/Structure2/M_Structure2.uasset" 471
"D:/Work/Projects/GCS/HeavenVR-MasterFolder/HeavenVR2/Content/_Assets/Decorations/Structures/Textures/Structure2/M_Structure2_Inst.uasset" 472
"D:/Work/Projects/GCS/HeavenVR-MasterFolder/HeavenVR2/Content/_Assets/Decorations/Structures/BirdStructure2.uasset" 473
"D:/Work/Projects/GCS/HeavenVR-MasterFolder/HeavenVR2/Content/_Assets/Decorations/Area/Textures/JesusAreaLOD0_lambert2_OcclusionRoughnessMetallic.uasset" 474
"D:/Work/Projects/GCS/HeavenVR-MasterFolder/HeavenVR2/Content/_Assets/Decorations/Area/Textures/JesusAreaLOD0_lambert2_Normal.uasset" 475
"D:/Work/Projects/GCS/HeavenVR-MasterFolder/HeavenVR2/Content/_Assets/Decorations/Area/Textures/JesusAreaLOD0_lambert2_BaseColor.uasset" 476
"D:/Work/Projects/GCS/HeavenVR-MasterFolder/HeavenVR2/Content/_Assets/Decorations/Area/Materials/JesusAreaLOD0_lambert2_BaseColor_Mat.uasset" 477
"D:/Work/Projects/GCS/HeavenVR-MasterFolder/HeavenVR2/Content/_Assets/Decorations/Area/JesusAreaLOD0.uasset" 478
"../../../Engine/Content/MapTemplates/Sky/DaylightAmbientCubemap.uasset" 479
"../../../Engine/Content/Engine_MI_Shaders/T_Base_Tile_Normal.uasset" 480
"../../Plugins/Experimental/Water/Content/Textures/Foam/T_WaterFlow_01_Foam_Tiled_N.uasset" 481
"../../Plugins/Experimental/Water/Content/Textures/Foam/T_WaterFlow_01_Foam_Tiled.uasset" 482
"../../Plugins/Experimental/Water/Content/FluidSimulation/WaveFoam/FoamRT.uasset" 483
"../../Plugins/Experimental/Water/Content/FluidSimulation/WaveFoam/WaterDistanceField.uasset" 484
"../../Plugins/Experimental/Water/Content/Textures/Normals/T_Water_TilingNormal_With_Height_02_Softened.uasset" 485
"../../../Engine/Content/Functions/Engine_MaterialFunctions02/Math/Transform3x3Matrix.uasset" 486
"../../../Engine/Content/EngineResources/Black.uasset" 487
"../../Plugins/Experimental/Water/Content/Materials/Functions/HighQualityTextureFiltering.uasset" 488
"../../Plugins/Experimental/Water/Content/Materials/MPC/MPC_Water.uasset" 489
"../../../Engine/Content/Functions/Engine_MaterialFunctions02/PivotPainter2/Black_1x1_EXR_Texture.uasset" 490
"../../Plugins/Experimental/Water/Content/Materials/Functions/WaterBodyData.uasset" 491
"../../../Engine/Content/Functions/Engine_MaterialFunctions03/Procedurals/NormalFromHeightmap.uasset" 492
"../../../Engine/Content/Functions/Engine_MaterialFunctions01/Gradient/BoxMask-2D.uasset" 493
"../../../Engine/Content/EngineSky/VolumetricClouds/T_NoiseShape.uasset" 494
"../../../Engine/Content/EngineSky/VolumetricClouds/T_VolumeNoiseShape128.uasset" 495
"../../../Engine/Content/Functions/Engine_MaterialFunctions01/Gradient/LinearGradient.uasset" 496
"../../../Engine/Content/Functions/Engine_MaterialFunctions01/ImageAdjustment/CheapContrast.uasset" 497
"../../../Engine/Content/Functions/Engine_MaterialFunctions02/Texturing/HeightLerp.uasset" 498
"../../Plugins/Experimental/Water/Content/Materials/Layers/BeachFoam.uasset" 499
"../../Plugins/Experimental/Water/Content/Materials/Functions/WaveVelocityMask.uasset" 500
"../../../Engine/Content/Functions/Engine_MaterialFunctions02/ExampleContent/Textures/water_n.uasset" 501
"../../../Engine/Content/Functions/Engine_MaterialFunctions02/ExampleContent/Textures/water_d.uasset" 502
"../../../Engine/Content/Functions/Engine_MaterialFunctions02/ExampleContent/Textures/LowResBlurredNoise.uasset" 503
"../../../Engine/Content/Functions/Engine_MaterialFunctions02/Math/AddComponents.uasset" 504
"../../../Engine/Content/Functions/Engine_MaterialFunctions02/Math/MakeVectorsOrthogonal.uasset" 505
"../../../Engine/Content/Functions/Engine_MaterialFunctions02/Utility/LinearSine.uasset" 506
"../../../Engine/Content/Functions/Engine_MaterialFunctions01/Texturing/ComputeMipLevel.uasset" 507
"../../../Engine/Content/Functions/Engine_MaterialFunctions02/Utility/BlendAngleCorrectedNormals.uasset" 508
"../../../Engine/Content/Functions/Engine_MaterialFunctions02/Texturing/Flowmaps.uasset" 509
"../../../Engine/Content/Functions/Engine_MaterialFunctions01/Coordinates/WorldPosition-XY.uasset" 510
"../../Plugins/Experimental/Water/Content/Materials/Functions/WaterRiverFlowmaps.uasset" 511
"../../Plugins/Experimental/Water/Content/Materials/Functions/WaterOpacityMaskFromDepth.uasset" 512
"../../Plugins/Experimental/Water/Content/Materials/Functions/WaterHeightMappingVS.uasset" 513
"../../Plugins/Experimental/Water/Content/Materials/Functions/WaterCoefficientMask.uasset" 514
"../../Plugins/Experimental/Water/Content/FluidSimulation/Materials/Functions/Fluidsim_WorldPosition_to_UV.uasset" 515
"../../../Engine/Content/Functions/Engine_MaterialFunctions01/Opacity/AlphaOffset.uasset" 516
"../../../Engine/Content/Functions/Engine_MaterialFunctions02/Utility/MakeFloat3.uasset" 517
"../../Plugins/Experimental/Water/Content/Materials/Functions/SampleFluidSimulation.uasset" 518
"../../Plugins/Experimental/Water/Content/Materials/Functions/ComputeWavesAttenuationFactor.uasset" 519
"../../Plugins/Experimental/Water/Content/Materials/Functions/WaveDepthFalloff_Overrides.uasset" 520
"../../Plugins/Experimental/Water/Content/Materials/Layers/WaterAttributes.uasset" 521
"../../Plugins/Experimental/Water/Content/Materials/Functions/WaterTextureWaves.uasset" 522
"../../Plugins/Experimental/Water/Content/Materials/Functions/WaterTextureSurface.uasset" 523
"../../Plugins/Experimental/Water/Content/Materials/Functions/Water_Underside.uasset" 524
"../../Plugins/Experimental/Water/Content/Materials/Functions/SetWaveAttributes.uasset" 525
"../../Plugins/Experimental/Water/Content/Materials/Functions/WorldPositionBehindWater.uasset" 526
"../../Plugins/Experimental/Water/Content/Materials/Functions/WorldNormalBehindWater.uasset" 527
"../../Plugins/Experimental/Water/Content/Materials/Functions/GetWaterTime.uasset" 528
"../../Plugins/Experimental/Water/Content/Materials/Functions/ComputeGerstnerWaves.uasset" 529
"../../Plugins/Experimental/Water/Content/Caustics/Materials/Functions/GetDistortionUV.uasset" 530
"../../Plugins/Experimental/Water/Content/Caustics/Materials/Functions/WaterCaustics_GerstnerWaves.uasset" 531
"../../Plugins/Experimental/Landmass/Content/Landscape/BlueprintBrushes/MPC/MPC_Landscape.uasset" 532
"../../Plugins/Experimental/Water/Content/Materials/WaterSurface/Water_Material.uasset" 533
"../../Plugins/Experimental/Water/Content/Materials/WaterSurface/Water_Material_Inst.uasset" 534
"../../Plugins/Experimental/Water/Content/Materials/WaterSurface/Water_Material_River.uasset" 535
"../../Plugins/Experimental/Water/Content/Materials/WaterSurface/Water_Material_Lake.uasset" 536
"../../Plugins/Experimental/Water/Content/Materials/WaterSurface/Transitions/Water_Material_River_To_Ocean_Transition.uasset" 537
"../../Plugins/Experimental/Water/Content/Materials/WaterSurface/Transitions/Water_Material_River_To_Lake_Transition.uasset" 538
"../../../Engine/Content/MapTemplates/Sky/Desert_Outer_HDR.uasset" 539
"D:/Work/Projects/GCS/HeavenVR-MasterFolder/HeavenVR2/Content/WaterMaterials/Materials/OceanWater_SS.uasset" 540
"../../../Engine/Content/Functions/Engine_MaterialFunctions03/ComplexMotion/Motion_4WayChaos_Normal.uasset" 541
"../../../Engine/Content/Functions/Engine_MaterialFunctions03/ComplexMotion/Motion_4WayChaos.uasset" 542
"D:/Work/Projects/GCS/HeavenVR-MasterFolder/HeavenVR2/Content/WaterMaterials/Materials/M_OceanWater_1.uasset" 543
"D:/Work/Projects/GCS/HeavenVR-MasterFolder/HeavenVR2/Content/WaterMaterials/Materials/M_OceanWater_1_Inst.uasset" 544
"D:/Work/Projects/GCS/HeavenVR-MasterFolder/HeavenVR2/Content/MobileStarterContent/Textures/T_Rock_Sandstone_N.uasset" 545
"D:/Work/Projects/GCS/HeavenVR-MasterFolder/HeavenVR2/Content/MobileStarterContent/Textures/T_Rock_Sandstone_D.uasset" 546
"D:/Work/Projects/GCS/HeavenVR-MasterFolder/HeavenVR2/Content/MobileStarterContent/Textures/T_Rock_Basalt_N.uasset" 547
"D:/Work/Projects/GCS/HeavenVR-MasterFolder/HeavenVR2/Content/MobileStarterContent/Textures/T_Rock_Basalt_D.uasset" 548
"D:/Work/Projects/GCS/HeavenVR-MasterFolder/HeavenVR2/Content/MobileStarterContent/Textures/T_Perlin_Noise_M.uasset" 549
"D:/Work/Projects/GCS/HeavenVR-MasterFolder/HeavenVR2/Content/MobileStarterContent/Textures/T_MacroVariation.uasset" 550
"D:/Work/Projects/GCS/HeavenVR-MasterFolder/HeavenVR2/Content/MobileStarterContent/Textures/T_Ground_Gravel_N.uasset" 551
"D:/Work/Projects/GCS/HeavenVR-MasterFolder/HeavenVR2/Content/MobileStarterContent/Textures/T_Ground_Gravel_D.uasset" 552
"D:/Work/Projects/GCS/HeavenVR-MasterFolder/HeavenVR2/Content/MobileStarterContent/Textures/T_Ground_Grass_N.uasset" 553
"D:/Work/Projects/GCS/HeavenVR-MasterFolder/HeavenVR2/Content/MobileStarterContent/Textures/T_Ground_Grass_D.uasset" 554
"D:/Work/Projects/GCS/HeavenVR-MasterFolder/HeavenVR2/Content/_Assets/_materials/landscape/Textures/plaen_lambert1_Normal.uasset" 555
"D:/Work/Projects/GCS/HeavenVR-MasterFolder/HeavenVR2/Content/_Assets/_materials/landscape/Textures/plaen_lambert1_BaseColor.uasset" 556
"../../../Engine/Content/EngineMaterials/WeightMapPlaceholderTexture.uasset" 557
"../../../Engine/Content/Functions/Engine_MaterialFunctions01/AlphaBlend/WorldAlignedBlend.uasset" 558
"D:/Work/Projects/GCS/HeavenVR-MasterFolder/HeavenVR2/Content/_Assets/_materials/landscape/MF_Layer.uasset" 559
"D:/Work/Projects/GCS/HeavenVR-MasterFolder/HeavenVR2/Content/_Assets/_materials/landscape/M_Landscape.uasset" 560
"D:/Work/Projects/GCS/HeavenVR-MasterFolder/HeavenVR2/Content/_Assets/_materials/landscape/M_Landscape_Inst.uasset" 561
"../../../Engine/Content/Functions/Engine_MaterialFunctions01/Texturing/ScaleUVsByCenter.uasset" 562
"../../../Engine/Content/Functions/Engine_MaterialFunctions01/Volumetrics/SchlickPhase.uasset" 563
"../../../Engine/Content/Functions/Engine_MaterialFunctions02/ScreenResolution.uasset" 564
"../../../Engine/Content/Functions/Engine_MaterialFunctions02/Texturing/ScreenAlignedUVs.uasset" 565
"../../../Engine/Content/Functions/Engine_MaterialFunctions02/ExampleContent/Textures/DebugNumberPeriod.uasset" 566
"../../../Engine/Content/Functions/Engine_MaterialFunctions02/ExampleContent/DebugNumberStrip.uasset" 567
"../../../Engine/Content/Functions/Engine_MaterialFunctions01/Texturing/TextureCropping.uasset" 568
"../../../Engine/Content/Functions/Engine_MaterialFunctions02/Utility/DebugScalarValues.uasset" 569
"../../Plugins/Experimental/Water/Content/Materials/PostProcessing/M_UnderWater_PostProcess_Volume.uasset" 570
"../../Plugins/Experimental/Landmass/Content/Landscape/Mats/MF/SmoothTerracing.uasset" 571
"../../Plugins/Experimental/Landmass/Content/Landscape/Mats/MF/SmoothIntersections.uasset" 572
"../../../Engine/Content/Functions/Engine_MaterialFunctions02/WorldPositionOffset/GenerateASpline.uasset" 573
"../../../Engine/Content/MapTemplates/TilingNoise05.uasset" 574
"../../Plugins/Experimental/Landmass/Content/Landscape/Mats/MF/CatmullRomTexture.uasset" 575
"../../../Engine/Content/Functions/Engine_MaterialFunctions01/Math/SmoothCeil.uasset" 576
"../../Plugins/Experimental/Landmass/Content/Landscape/Mats/MF/BrushTerracing.uasset" 577
"../../../Engine/Content/Functions/Engine_MaterialFunctions01/ImageAdjustment/SCurve.uasset" 578
"../../Plugins/Experimental/Landmass/Content/Landscape/Mats/MF/BrushDisplaceMask.uasset" 579
"../../Plugins/Experimental/Landmass/Content/Landscape/Mats/MF/BrushBlendModes.uasset" 580
"../../../Engine/Content/EngineResources/Black_Low.uasset" 581
"../../Plugins/Experimental/Landmass/Content/Landscape/Mats/MF/BrushAlphaMask.uasset" 582
"../../Plugins/Experimental/Landmass/Content/Landscape/Mats/MF/UnpackRG8Height.uasset" 583
"../../Plugins/Experimental/Landmass/Content/Landscape/BlueprintBrushes/MF/PointSampleLandscapeUVs.uasset" 584
"../../Plugins/Experimental/Landmass/Content/Landscape/BlueprintBrushes/MF/ReadCachedDistanceField.uasset" 585
"../../Plugins/Experimental/Landmass/Content/Landscape/BlueprintBrushes/MF/PackRG8Height.uasset" 586
"../../Plugins/Experimental/Water/Content/Materials/Brushes/MeshBrush_Width.uasset" 587
"../../Plugins/Experimental/Water/Content/Materials/Brushes/MeshBrush_Weightmap.uasset" 588
"../../Plugins/Experimental/Landmass/Content/Landscape/BlueprintBrushes/MF/BrushBlendModes.uasset" 589
"../../Plugins/Experimental/Landmass/Content/Landscape/Curves/DynamicCurve_RT.uasset" 590
"../../Plugins/Experimental/Water/Content/Materials/Brushes/MeshBrush_Island.uasset" 591
"../../Plugins/Experimental/Landmass/Content/Landscape/BlueprintBrushes/MF/SmoothIntersections.uasset" 592
"../../Plugins/Experimental/Landmass/Content/Landscape/BlueprintBrushes/MF/BrushTerracing.uasset" 593
"../../Plugins/Experimental/Landmass/Content/Landscape/BlueprintBrushes/MF/BrushDisplaceMask.uasset" 594
"../../Plugins/Experimental/Landmass/Content/Landscape/BlueprintBrushes/MF/BrushAlphaMask.uasset" 595
"../../Plugins/Experimental/Water/Content/Materials/Brushes/MeshBrush_Angle.uasset" 596
"../../Plugins/Experimental/Landmass/Content/Landscape/BlueprintBrushes/MF/UnpackRG8Height.uasset" 597
"../../Plugins/Experimental/Water/Content/Materials/Brushes/FinalizeWaterTexture.uasset" 598
"../../Plugins/Experimental/Landmass/Content/Landscape/BlueprintBrushes/MF/LocalizeLandscapeZValue.uasset" 599
"../../Plugins/Experimental/Water/Content/Materials/Brushes/CompositeWaterBodyTexture.uasset" 600
"../../Plugins/Experimental/Water/Content/Materials/Brushes/CanvasDrawing.uasset" 601
"../../../Engine/Content/Functions/Engine_MaterialFunctions02/TangentBasis.uasset" 602
"../../Plugins/Experimental/Landmass/Content/Landscape/BlueprintBrushes/Materials/RenderSplineDepths.uasset" 603
"../../Plugins/Experimental/Landmass/Content/Landscape/Mats/MPC/MPC_Erosion.uasset" 604
"../../Plugins/Experimental/Landmass/Content/Landscape/BlueprintBrushes/MF/SampleDistanceField.uasset" 605
"../../Plugins/Experimental/Landmass/Content/Landscape/BlueprintBrushes/Materials/CacheDistanceField.uasset" 606
"../../Plugins/Experimental/Landmass/Content/DistanceFields/Materials/JumpFloodStep.uasset" 607
"../../Plugins/Experimental/Landmass/Content/Landscape/Textures/LS_Debug_RT_01.uasset" 608
"../../Plugins/Experimental/Landmass/Content/DistanceFields/Materials/DetectEdges.uasset" 609
"../../Plugins/Experimental/Landmass/Content/DistanceFields/Materials/BlurEdges.uasset" 610
"D:/Work/Projects/GCS/HeavenVR-MasterFolder/HeavenVR2/Content/_Assets/Decorations/Structures/Textures/Structur4/Interior/structure_4_4_lambert1_BaseColor.uasset" 611
"D:/Work/Projects/GCS/HeavenVR-MasterFolder/HeavenVR2/Content/_Assets/Decorations/Structures/Textures/Structur4/Interior/structure_4_4_lambert1_BaseColor_Mat.uasset" 612
"D:/Work/Projects/GCS/HeavenVR-MasterFolder/HeavenVR2/Content/_Assets/Decorations/Structures/Textures/Structur4/Exterior/structure_4_2_lambert1_BaseColor.uasset" 613
"D:/Work/Projects/GCS/HeavenVR-MasterFolder/HeavenVR2/Content/_Assets/Decorations/Structures/Textures/Structur4/Exterior/structure_4_2_lambert1_BaseColor_Mat.uasset" 614
"../../Plugins/Experimental/Water/Content/Curves/FloatCurve_WaterBodyIsland.uasset" 615
"../../Plugins/Experimental/Water/Content/Curves/FloatCurve.uasset" 616
"D:/Work/Projects/GCS/HeavenVR-MasterFolder/HeavenVR2/Content/Maps/Heaven3_BuiltData.uasset" 617
"D:/Work/Projects/GCS/HeavenVR-MasterFolder/HeavenVR2/Content/_Assets/EpicContent/Textures/Water/T_MediumWaves_N.uasset" 618
"D:/Work/Projects/GCS/HeavenVR-MasterFolder/HeavenVR2/Content/_Assets/EpicContent/Textures/Water/T_MediumWaves_H.uasset" 619
"D:/Work/Projects/GCS/HeavenVR-MasterFolder/HeavenVR2/Content/_Assets/EpicContent/Textures/HDRI_Epic_Courtyard_Daylight.uasset" 620
"D:/Work/Projects/GCS/HeavenVR-MasterFolder/HeavenVR2/Content/WaterMaterials/Materials/M_TranslucentWater.uasset" 621
"D:/Work/Projects/GCS/HeavenVR-MasterFolder/HeavenVR2/Content/WaterMaterials/Materials/M_TranslucentWater_Inst.uasset" 622
"D:/Work/Projects/GCS/HeavenVR-MasterFolder/HeavenVR2/Content/_Assets/EpicContent/Materials/Water/OceanWater_SS.uasset" 623
"D:/Work/Projects/GCS/HeavenVR-MasterFolder/HeavenVR2/Content/_Assets/EpicContent/Materials/Water/M_OceanWater_1.uasset" 624
"D:/Work/Projects/GCS/HeavenVR-MasterFolder/HeavenVR2/Content/_Assets/EpicContent/Materials/Water/M_OceanWater_1_Inst.uasset" 625
"D:/Work/Projects/GCS/HeavenVR-MasterFolder/HeavenVR2/Content/_Assets/EpicContent/Meshes/Water_Plane/SM_OceanWater.uasset" 626
"D:/Work/Projects/GCS/HeavenVR-MasterFolder/HeavenVR2/Content/_Assets/EpicContent/Blueprints/Water/BP_TranslucentWater.uasset" 627
"D:/Work/Projects/GCS/HeavenVR-MasterFolder/HeavenVR2/Content/_blueprints/Creatures/AI/ECreatures.uasset" 628
"D:/Work/Projects/GCS/HeavenVR-MasterFolder/HeavenVR2/Content/_blueprints/Creatures/FCreatureData.uasset" 629
"D:/Work/Projects/GCS/HeavenVR-MasterFolder/HeavenVR2/Content/_blueprints/Creatures/FCreatureDefinition.uasset" 630
"D:/Work/Projects/GCS/HeavenVR-MasterFolder/HeavenVR2/Content/_blueprints/Creatures/AI/BP_PatrolPath.uasset" 631
"D:/Work/Projects/GCS/HeavenVR-MasterFolder/HeavenVR2/Content/_blueprints/Creatures/AI/Tasks/BTTask_GetPointNearChad.uasset" 632
"D:/Work/Projects/GCS/HeavenVR-MasterFolder/HeavenVR2/Content/_blueprints/Creatures/AI/Tasks/BTTask_FindRandomPointInRange.uasset" 633
"D:/Work/Projects/GCS/HeavenVR-MasterFolder/HeavenVR2/Content/_blueprints/Creatures/AI/Services/BTService_GetCharacteristics.uasset" 634
"D:/Work/Projects/GCS/HeavenVR-MasterFolder/HeavenVR2/Content/_blueprints/Creatures/AI/EChaseStatus.uasset" 635
"D:/Work/Projects/GCS/HeavenVR-MasterFolder/HeavenVR2/Content/_blueprints/Creatures/AI/BB_Creature.uasset" 636
"D:/Work/Projects/GCS/HeavenVR-MasterFolder/HeavenVR2/Content/_blueprints/Creatures/AI/BT_Creature.uasset" 637
"D:/Work/Projects/GCS/HeavenVR-MasterFolder/HeavenVR2/Content/_blueprints/Creatures/AI/AIC_Creature.uasset" 638
"D:/Work/Projects/GCS/HeavenVR-MasterFolder/HeavenVR2/Content/_blueprints/Creatures/BPI_Handler.uasset" 639
"D:/Work/Projects/GCS/HeavenVR-MasterFolder/HeavenVR2/Content/Animals/Deer/red_deer_buck_SKELMESH_PhysicsAsset.uasset" 640
"D:/Work/Projects/GCS/HeavenVR-MasterFolder/HeavenVR2/Content/Animals/Deer/Textures/T_fur_01_N.uasset" 641
"D:/Work/Projects/GCS/HeavenVR-MasterFolder/HeavenVR2/Content/Animals/Deer/Textures/T_fur_01_D.uasset" 642
"D:/Work/Projects/GCS/HeavenVR-MasterFolder/HeavenVR2/Content/Animals/Deer/Textures/M_Deer_Fur.uasset" 643
"D:/Work/Projects/GCS/HeavenVR-MasterFolder/HeavenVR2/Content/Animals/Deer/Textures/T_Deer_S.uasset" 644
"D:/Work/Projects/GCS/HeavenVR-MasterFolder/HeavenVR2/Content/Animals/Deer/Textures/T_Deer_R.uasset" 645
"D:/Work/Projects/GCS/HeavenVR-MasterFolder/HeavenVR2/Content/Animals/Deer/Textures/T_Deer_N.uasset" 646
"D:/Work/Projects/GCS/HeavenVR-MasterFolder/HeavenVR2/Content/Animals/Deer/Textures/T_Deer_D.uasset" 647
"D:/Work/Projects/GCS/HeavenVR-MasterFolder/HeavenVR2/Content/Animals/Deer/Textures/T_Deer_Ao.uasset" 648
"D:/Work/Projects/GCS/HeavenVR-MasterFolder/HeavenVR2/Content/Animals/Deer/Textures/M_Deer.uasset" 649
"D:/Work/Projects/GCS/HeavenVR-MasterFolder/HeavenVR2/Content/Animals/Deer/red_deer_Skeleton.uasset" 650
"D:/Work/Projects/GCS/HeavenVR-MasterFolder/HeavenVR2/Content/Animals/Deer/red_deer_buck_SKELMESH.uasset" 651
"D:/Work/Projects/GCS/HeavenVR-MasterFolder/HeavenVR2/Content/Animals/Deer/Animation/Trot_A.uasset" 652
"D:/Work/Projects/GCS/HeavenVR-MasterFolder/HeavenVR2/Content/Animals/Deer/Animation/Run_C.uasset" 653
"D:/Work/Projects/GCS/HeavenVR-MasterFolder/HeavenVR2/Content/Animals/Deer/Animation/Run_B.uasset" 654
"D:/Work/Projects/GCS/HeavenVR-MasterFolder/HeavenVR2/Content/Animals/Deer/Animation/Run_A.uasset" 655
"D:/Work/Projects/GCS/HeavenVR-MasterFolder/HeavenVR2/Content/Animals/Deer/Animation/Idle_A.uasset" 656
"D:/Work/Projects/GCS/HeavenVR-MasterFolder/HeavenVR2/Content/Animals/Deer/BS_Deer_Walk.uasset" 657
"D:/Work/Projects/GCS/HeavenVR-MasterFolder/HeavenVR2/Content/Animals/Deer/BP_Anim_Deer.uasset" 658
"D:/Work/Projects/GCS/HeavenVR-MasterFolder/HeavenVR2/Content/_blueprints/Creatures/BP_Creature.uasset" 659
"D:/Work/Projects/GCS/HeavenVR-MasterFolder/HeavenVR2/Content/Animals/Goat/Meshes/SK_Goat_PhysicsAsset.uasset" 660
"D:/Work/Projects/GCS/HeavenVR-MasterFolder/HeavenVR2/Content/Animals/Goat/Textures/T_Goat_Specular.uasset" 661
"D:/Work/Projects/GCS/HeavenVR-MasterFolder/HeavenVR2/Content/Animals/Goat/Textures/T_Goat_OcclusionRoughnessMetallic.uasset" 662
"D:/Work/Projects/GCS/HeavenVR-MasterFolder/HeavenVR2/Content/Animals/Goat/Textures/T_Goat_Nml.uasset" 663
"D:/Work/Projects/GCS/HeavenVR-MasterFolder/HeavenVR2/Content/Animals/Goat/Textures/T_Goat_BaseColor.uasset" 664
"D:/Work/Projects/GCS/HeavenVR-MasterFolder/HeavenVR2/Content/Animals/Goat/Materials/M_GoatFur.uasset" 665
"D:/Work/Projects/GCS/HeavenVR-MasterFolder/HeavenVR2/Content/Animals/Goat/Materials/M_Goat.uasset" 666
"D:/Work/Projects/GCS/HeavenVR-MasterFolder/HeavenVR2/Content/Animals/Goat/Meshes/SK_Goat_Skeleton.uasset" 667
"D:/Work/Projects/GCS/HeavenVR-MasterFolder/HeavenVR2/Content/Animals/Goat/Meshes/SK_Goat.uasset" 668
"../../../Engine/Content/Animation/DefaultAnimCurveCompressionSettings.uasset" 669
"../../../Engine/Content/Animation/DefaultAnimBoneCompressionSettings.uasset" 670
"D:/Work/Projects/GCS/HeavenVR-MasterFolder/HeavenVR2/Content/Animals/Goat/Animations/ANIM_Goat_walk.uasset" 671
"D:/Work/Projects/GCS/HeavenVR-MasterFolder/HeavenVR2/Content/Animals/Goat/Animations/ANIM_Goat_Run.uasset" 672
"D:/Work/Projects/GCS/HeavenVR-MasterFolder/HeavenVR2/Content/Animals/Goat/Animations/ANIM_Goat_IdleGraze.uasset" 673
"D:/Work/Projects/GCS/HeavenVR-MasterFolder/HeavenVR2/Content/Animals/Goat/Meshes/BS_Goat.uasset" 674
"D:/Work/Projects/GCS/HeavenVR-MasterFolder/HeavenVR2/Content/Animals/Goat/Meshes/BPA_Goat.uasset" 675
"D:/Work/Projects/GCS/HeavenVR-MasterFolder/HeavenVR2/Content/_blueprints/Creatures/BP_Goat.uasset" 676
"D:/Work/Projects/GCS/HeavenVR-MasterFolder/HeavenVR2/Content/Animals/Giraffe/giraffeRIG_Skeleton.uasset" 677
"D:/Work/Projects/GCS/HeavenVR-MasterFolder/HeavenVR2/Content/Animals/Giraffe/Animation/giraffeIDLE_ANIM.uasset" 678
"D:/Work/Projects/GCS/HeavenVR-MasterFolder/HeavenVR2/Content/Animals/Giraffe/Animation/giraffeANIM2.uasset" 679
"D:/Work/Projects/GCS/HeavenVR-MasterFolder/HeavenVR2/Content/Animals/Giraffe/Animation/BS_Giraffe.uasset" 680
"D:/Work/Projects/GCS/HeavenVR-MasterFolder/HeavenVR2/Content/Animals/Giraffe/Animation/BP_Giraff.uasset" 681
"D:/Work/Projects/GCS/HeavenVR-MasterFolder/HeavenVR2/Content/Animals/Giraffe/giraffeRIG_PhysicsAsset.uasset" 682
"D:/Work/Projects/GCS/HeavenVR-MasterFolder/HeavenVR2/Content/Animals/Giraffe/texstures/giraffeRIG_Material_Normal.uasset" 683
"D:/Work/Projects/GCS/HeavenVR-MasterFolder/HeavenVR2/Content/Animals/Giraffe/texstures/giraffeRIG_Material_BaseColor.uasset" 684
"D:/Work/Projects/GCS/HeavenVR-MasterFolder/HeavenVR2/Content/Animals/Giraffe/texstures/MI_Giraff.uasset" 685
"D:/Work/Projects/GCS/HeavenVR-MasterFolder/HeavenVR2/Content/Animals/Giraffe/giraffeRIG.uasset" 686
"D:/Work/Projects/GCS/HeavenVR-MasterFolder/HeavenVR2/Content/_blueprints/Creatures/BP_Giraffe.uasset" 687
"D:/Work/Projects/GCS/HeavenVR-MasterFolder/HeavenVR2/Content/Animals/3HeadedBird/3Bird_Scrounge.uasset" 688
"D:/Work/Projects/GCS/HeavenVR-MasterFolder/HeavenVR2/Content/_Assets/Foilage/Trees/tree_7.uasset" 689
"D:/Work/Projects/GCS/HeavenVR-MasterFolder/HeavenVR2/Content/_Assets/Foilage/Trees/textures/Leaves/leaves1.uasset" 690
"D:/Work/Projects/GCS/HeavenVR-MasterFolder/HeavenVR2/Content/_Assets/Foilage/Trees/materials/M_Leave1.uasset" 691
"D:/Work/Projects/GCS/HeavenVR-MasterFolder/HeavenVR2/Content/_Assets/Foilage/Trees/tree_6.uasset" 692
"D:/Work/Projects/GCS/HeavenVR-MasterFolder/HeavenVR2/Content/_Assets/Foilage/Trees/tree_5.uasset" 693
"D:/Work/Projects/GCS/HeavenVR-MasterFolder/HeavenVR2/Content/_Assets/Foilage/Trees/textures/Leaves/leaves5.uasset" 694
"D:/Work/Projects/GCS/HeavenVR-MasterFolder/HeavenVR2/Content/_Assets/Foilage/Trees/materials/M_Leave5.uasset" 695
"D:/Work/Projects/GCS/HeavenVR-MasterFolder/HeavenVR2/Content/_Assets/Foilage/Trees/tree_3.uasset" 696
"D:/Work/Projects/GCS/HeavenVR-MasterFolder/HeavenVR2/Content/_Assets/Foilage/Trees/tree_2.uasset" 697
"D:/Work/Projects/GCS/HeavenVR-MasterFolder/HeavenVR2/Content/_Assets/Foilage/Trees/tree_1.uasset" 698
"../../../Engine/Content/EngineMaterials/DefaultPhysicalMaterial.uasset" 699
"D:/Work/Projects/GCS/HeavenVR-MasterFolder/HeavenVR2/Content/Maps/Heaven_Main1_sharedassets/Rock_LayerInfo.uasset" 700
"D:/Work/Projects/GCS/HeavenVR-MasterFolder/HeavenVR2/Content/Maps/Heaven_Main1_sharedassets/L4_LayerInfo.uasset" 701
"D:/Work/Projects/GCS/HeavenVR-MasterFolder/HeavenVR2/Content/Maps/Heaven_Main1_sharedassets/L3_LayerInfo.uasset" 702
"D:/Work/Projects/GCS/HeavenVR-MasterFolder/HeavenVR2/Content/Maps/Heaven_Main1_sharedassets/DIrt_LayerInfo.uasset" 703
"D:/Work/Projects/GCS/HeavenVR-MasterFolder/HeavenVR2/Content/Maps/Heaven_Main1_sharedassets/Auto_LayerInfo.uasset" 704
"D:/Work/Projects/GCS/HeavenVR-MasterFolder/HeavenVR2/Content/_Assets/Foilage/Trees/Foilage/tree_7.uasset" 705
"D:/Work/Projects/GCS/HeavenVR-MasterFolder/HeavenVR2/Content/_Assets/Foilage/Trees/Foilage/tree_6.uasset" 706
"D:/Work/Projects/GCS/HeavenVR-MasterFolder/HeavenVR2/Content/_Assets/Foilage/Trees/Foilage/tree_5.uasset" 707
"D:/Work/Projects/GCS/HeavenVR-MasterFolder/HeavenVR2/Content/_Assets/Foilage/Trees/Foilage/tree_4.uasset" 708
"D:/Work/Projects/GCS/HeavenVR-MasterFolder/HeavenVR2/Content/_Assets/Foilage/Trees/Foilage/tree_3.uasset" 709
"D:/Work/Projects/GCS/HeavenVR-MasterFolder/HeavenVR2/Content/_Assets/Decorations/Fountain/Fountain-UV_Default_Material_OcclusionRoughnessMetallic.uasset" 710
"D:/Work/Projects/GCS/HeavenVR-MasterFolder/HeavenVR2/Content/_Assets/Decorations/Fountain/Fountain-UV_Default_Material_Normal.uasset" 711
"D:/Work/Projects/GCS/HeavenVR-MasterFolder/HeavenVR2/Content/_Assets/Decorations/Fountain/Fountain-UV_Default_Material_BaseColor.uasset" 712
"D:/Work/Projects/GCS/HeavenVR-MasterFolder/HeavenVR2/Content/_Assets/Decorations/Fountain/Default_Material.uasset" 713
"D:/Work/Projects/GCS/HeavenVR-MasterFolder/HeavenVR2/Content/_Assets/Decorations/Fountain/Fountain-UVModel.uasset" 714
"D:/Work/Projects/GCS/HeavenVR-MasterFolder/HeavenVR2/Content/_Assets/Foilage/Trees/Foilage/tree_2.uasset" 715
"D:/Work/Projects/GCS/HeavenVR-MasterFolder/HeavenVR2/Content/_Assets/Foilage/Trees/Foilage/tree_1.uasset" 716
"../../Plugins/Experimental/Water/Content/Waves/GerstnerWaves_Lake.uasset" 717
"../../Plugins/Experimental/Water/Content/Meshes/RiverMesh.uasset" 718
"../../Plugins/Experimental/Water/Content/Meshes/LakeMesh.uasset" 719
"D:/Work/Projects/GCS/HeavenVR-MasterFolder/HeavenVR2/Content/SpringLandscape/Meshes/Sky/Textures/T_Sky_01_A.uasset" 720
"../../../Engine/Content/Functions/Engine_MaterialFunctions01/ImageAdjustment/DeriveHDRfromLDR.uasset" 721
"D:/Work/Projects/GCS/HeavenVR-MasterFolder/HeavenVR2/Content/SpringLandscape/Meshes/Sky/Materials/M_Sky.uasset" 722
"D:/Work/Projects/GCS/HeavenVR-MasterFolder/HeavenVR2/Content/SpringLandscape/Meshes/Sky/Materials/MI_Sky.uasset" 723
"D:/Work/Projects/GCS/HeavenVR-MasterFolder/HeavenVR2/Content/SpringLandscape/Meshes/Sky/SM_Sphere.uasset" 724
"D:/Work/Projects/GCS/HeavenVR-MasterFolder/HeavenVR2/Content/PN_OpenWorldFoliage/Materials/MaterialCollection.uasset" 725
"D:/Work/Projects/GCS/HeavenVR-MasterFolder/HeavenVR2/Content/PN_OpenWorldFoliage/Materials/Bending.uasset" 726
"D:/Work/Projects/GCS/HeavenVR-MasterFolder/HeavenVR2/Content/PN_OpenWorldFoliage/Materials/Interaction.uasset" 727
"D:/Work/Projects/GCS/HeavenVR-MasterFolder/HeavenVR2/Content/PN_OpenWorldFoliage/Textures/grass_spec.uasset" 728
"D:/Work/Projects/GCS/HeavenVR-MasterFolder/HeavenVR2/Content/PN_OpenWorldFoliage/Textures/grass_opacity.uasset" 729
"D:/Work/Projects/GCS/HeavenVR-MasterFolder/HeavenVR2/Content/PN_OpenWorldFoliage/Textures/grass_normal.uasset" 730
"D:/Work/Projects/GCS/HeavenVR-MasterFolder/HeavenVR2/Content/PN_OpenWorldFoliage/Textures/grass_albedo.uasset" 731
"D:/Work/Projects/GCS/HeavenVR-MasterFolder/HeavenVR2/Content/PN_OpenWorldFoliage/Materials/MA_OpenWorldFoliage.uasset" 732
"D:/Work/Projects/GCS/HeavenVR-MasterFolder/HeavenVR2/Content/PN_OpenWorldFoliage/Materials/MI_OpenWorldFoliage.uasset" 733
"D:/Work/Projects/GCS/HeavenVR-MasterFolder/HeavenVR2/Content/PN_OpenWorldFoliage/Meshes/openWorld_grass_02_03_01.uasset" 734
"D:/Work/Projects/GCS/HeavenVR-MasterFolder/HeavenVR2/Content/PN_OpenWorldFoliage/Meshes/openWorld_grass_01_02_03.uasset" 735
"D:/Work/Projects/GCS/HeavenVR-MasterFolder/HeavenVR2/Content/PN_OpenWorldFoliage/Meshes/openWorld_flower_06_01.uasset" 736
"D:/Work/Projects/GCS/HeavenVR-MasterFolder/HeavenVR2/Content/PN_OpenWorldFoliage/Meshes/openWorld_flower_04_02.uasset" 737
"D:/Work/Projects/GCS/HeavenVR-MasterFolder/HeavenVR2/Content/PN_OpenWorldFoliage/Meshes/openWorld_flower_03_01.uasset" 738
"D:/Work/Projects/GCS/HeavenVR-MasterFolder/HeavenVR2/Content/PN_OpenWorldFoliage/Meshes/openWorld_flower_01_02.uasset" 739
"D:/Work/Projects/GCS/HeavenVR-MasterFolder/HeavenVR2/Content/PN_OpenWorldFoliage/ColorExamples/MI_freshGreen.uasset" 740
"D:/Work/Projects/GCS/HeavenVR-MasterFolder/HeavenVR2/Content/PN_OpenWorldFoliage/ColorExamples/freshGreen.uasset" 741
"D:/Work/Projects/GCS/HeavenVR-MasterFolder/HeavenVR2/Content/PN_OpenWorldFoliage/ColorExamples/MI_darkGreen.uasset" 742
"D:/Work/Projects/GCS/HeavenVR-MasterFolder/HeavenVR2/Content/PN_OpenWorldFoliage/ColorExamples/darkGreen.uasset" 743
"D:/Work/Projects/GCS/HeavenVR-MasterFolder/HeavenVR2/Content/PN_mediterraneanPlants_II/Textures/MasterTextures/flower_N.uasset" 744
"D:/Work/Projects/GCS/HeavenVR-MasterFolder/HeavenVR2/Content/PN_mediterraneanPlants_II/Textures/MasterTextures/flower_AORO.uasset" 745
"D:/Work/Projects/GCS/HeavenVR-MasterFolder/HeavenVR2/Content/PN_mediterraneanPlants_II/Textures/MasterTextures/flower_A.uasset" 746
"D:/Work/Projects/GCS/HeavenVR-MasterFolder/HeavenVR2/Content/PN_mediterraneanPlants_II/Materials/PN_WindParameters.uasset" 747
"D:/Work/Projects/GCS/HeavenVR-MasterFolder/HeavenVR2/Content/PN_mediterraneanPlants_II/Materials/MaterialFunctions/PN_WindAnimation.uasset" 748
"D:/Work/Projects/GCS/HeavenVR-MasterFolder/HeavenVR2/Content/PN_mediterraneanPlants_II/Materials/MaterialFunctions/PN_Bending.uasset" 749
"D:/Work/Projects/GCS/HeavenVR-MasterFolder/HeavenVR2/Content/PN_mediterraneanPlants_II/Materials/MaterialFunctions/PN_MultiBend.uasset" 750
"D:/Work/Projects/GCS/HeavenVR-MasterFolder/HeavenVR2/Content/PN_mediterraneanPlants_II/Materials/MaterialFunctions/PN_BendingParameters.uasset" 751
"D:/Work/Projects/GCS/HeavenVR-MasterFolder/HeavenVR2/Content/PN_mediterraneanPlants_II/Materials/MaterialFunctions/PN_AnimationShader.uasset" 752
"D:/Work/Projects/GCS/HeavenVR-MasterFolder/HeavenVR2/Content/PN_mediterraneanPlants_II/Materials/MA_Flower.uasset" 753
"D:/Work/Projects/GCS/HeavenVR-MasterFolder/HeavenVR2/Content/PN_mediterraneanPlants_II/Textures/PivotPainter/flower_03_VEC.uasset" 754
"D:/Work/Projects/GCS/HeavenVR-MasterFolder/HeavenVR2/Content/PN_mediterraneanPlants_II/Textures/PivotPainter/flower_03_PIV.uasset" 755
"D:/Work/Projects/GCS/HeavenVR-MasterFolder/HeavenVR2/Content/PN_mediterraneanPlants_II/Materials/Material_Instances/Flower/MI_Flower_03.uasset" 756
"D:/Work/Projects/GCS/HeavenVR-MasterFolder/HeavenVR2/Content/PN_mediterraneanPlants_II/Meshes/flower_03.uasset" 757
"D:/Work/Projects/GCS/HeavenVR-MasterFolder/HeavenVR2/Content/PN_mediterraneanPlants_II/Textures/PivotPainter/flower_02_VEC.uasset" 758
"D:/Work/Projects/GCS/HeavenVR-MasterFolder/HeavenVR2/Content/PN_mediterraneanPlants_II/Textures/PivotPainter/flower_02_PIV.uasset" 759
"D:/Work/Projects/GCS/HeavenVR-MasterFolder/HeavenVR2/Content/PN_mediterraneanPlants_II/Materials/Material_Instances/Flower/MI_Flower_02.uasset" 760
"D:/Work/Projects/GCS/HeavenVR-MasterFolder/HeavenVR2/Content/PN_mediterraneanPlants_II/Meshes/flower_02.uasset" 761
"D:/Work/Projects/GCS/HeavenVR-MasterFolder/HeavenVR2/Content/PN_mediterraneanPlants_II/Textures/PivotPainter/flower_01_VEC.uasset" 762
"D:/Work/Projects/GCS/HeavenVR-MasterFolder/HeavenVR2/Content/PN_mediterraneanPlants_II/Textures/PivotPainter/flower_01_PIV.uasset" 763
"D:/Work/Projects/GCS/HeavenVR-MasterFolder/HeavenVR2/Content/PN_mediterraneanPlants_II/Materials/Material_Instances/Flower/MI_Flower_01.uasset" 764
"D:/Work/Projects/GCS/HeavenVR-MasterFolder/HeavenVR2/Content/PN_mediterraneanPlants_II/Meshes/flower_01.uasset" 765
"D:/Work/Projects/GCS/HeavenVR-MasterFolder/HeavenVR2/Content/PN_mediterraneanPlants_II/Textures/MasterTextures/cactus_N.uasset" 766
"D:/Work/Projects/GCS/HeavenVR-MasterFolder/HeavenVR2/Content/PN_mediterraneanPlants_II/Textures/MasterTextures/cactus_AORO.uasset" 767
"D:/Work/Projects/GCS/HeavenVR-MasterFolder/HeavenVR2/Content/PN_mediterraneanPlants_II/Textures/MasterTextures/cactus_A.uasset" 768
"D:/Work/Projects/GCS/HeavenVR-MasterFolder/HeavenVR2/Content/PN_mediterraneanPlants_II/Materials/MA_Cactus.uasset" 769
"D:/Work/Projects/GCS/HeavenVR-MasterFolder/HeavenVR2/Content/PN_mediterraneanPlants_II/Textures/PivotPainter/cactus_05_VEC.uasset" 770
"D:/Work/Projects/GCS/HeavenVR-MasterFolder/HeavenVR2/Content/PN_mediterraneanPlants_II/Textures/PivotPainter/cactus_05_PIV.uasset" 771
"D:/Work/Projects/GCS/HeavenVR-MasterFolder/HeavenVR2/Content/PN_mediterraneanPlants_II/Materials/Material_Instances/Cactus/MI_Cactus_05.uasset" 772
"D:/Work/Projects/GCS/HeavenVR-MasterFolder/HeavenVR2/Content/PN_mediterraneanPlants_II/Meshes/cactus_05.uasset" 773
"D:/Work/Projects/GCS/HeavenVR-MasterFolder/HeavenVR2/Content/PN_mediterraneanPlants_II/Textures/PivotPainter/cactus_04_VEC.uasset" 774
"D:/Work/Projects/GCS/HeavenVR-MasterFolder/HeavenVR2/Content/PN_mediterraneanPlants_II/Textures/PivotPainter/cactus_04_PIV.uasset" 775
"D:/Work/Projects/GCS/HeavenVR-MasterFolder/HeavenVR2/Content/PN_mediterraneanPlants_II/Materials/Material_Instances/Cactus/MI_Cactus_04.uasset" 776
"D:/Work/Projects/GCS/HeavenVR-MasterFolder/HeavenVR2/Content/PN_mediterraneanPlants_II/Meshes/cactus_04.uasset" 777
"D:/Work/Projects/GCS/HeavenVR-MasterFolder/HeavenVR2/Content/PN_mediterraneanPlants_II/Textures/PivotPainter/cactus_03_VEC.uasset" 778
"D:/Work/Projects/GCS/HeavenVR-MasterFolder/HeavenVR2/Content/PN_mediterraneanPlants_II/Textures/PivotPainter/cactus_03_PIV.uasset" 779
"D:/Work/Projects/GCS/HeavenVR-MasterFolder/HeavenVR2/Content/PN_mediterraneanPlants_II/Materials/Material_Instances/Cactus/MI_Cactus_03.uasset" 780
"D:/Work/Projects/GCS/HeavenVR-MasterFolder/HeavenVR2/Content/PN_mediterraneanPlants_II/Meshes/cactus_03.uasset" 781
"D:/Work/Projects/GCS/HeavenVR-MasterFolder/HeavenVR2/Content/PN_mediterraneanPlants_II/Textures/PivotPainter/cactus_02_VEC.uasset" 782
"D:/Work/Projects/GCS/HeavenVR-MasterFolder/HeavenVR2/Content/PN_mediterraneanPlants_II/Textures/PivotPainter/cactus_02_PIV.uasset" 783
"D:/Work/Projects/GCS/HeavenVR-MasterFolder/HeavenVR2/Content/PN_mediterraneanPlants_II/Materials/Material_Instances/Cactus/MI_Cactus_02.uasset" 784
"D:/Work/Projects/GCS/HeavenVR-MasterFolder/HeavenVR2/Content/PN_mediterraneanPlants_II/Meshes/cactus_02.uasset" 785
"D:/Work/Projects/GCS/HeavenVR-MasterFolder/HeavenVR2/Content/PN_mediterraneanPlants_II/Textures/PivotPainter/cactus_01_VEC.uasset" 786
"D:/Work/Projects/GCS/HeavenVR-MasterFolder/HeavenVR2/Content/PN_mediterraneanPlants_II/Textures/PivotPainter/cactus_01_PIV.uasset" 787
"D:/Work/Projects/GCS/HeavenVR-MasterFolder/HeavenVR2/Content/PN_mediterraneanPlants_II/Materials/Material_Instances/Cactus/MI_Cactus_01.uasset" 788
"D:/Work/Projects/GCS/HeavenVR-MasterFolder/HeavenVR2/Content/PN_mediterraneanPlants_II/Meshes/cactus_01.uasset" 789
"D:/Work/Projects/GCS/HeavenVR-MasterFolder/HeavenVR2/Content/PN_mediterraneanPlants_II/Textures/MasterTextures/bush_N.uasset" 790
"D:/Work/Projects/GCS/HeavenVR-MasterFolder/HeavenVR2/Content/PN_mediterraneanPlants_II/Textures/MasterTextures/bush_AORO.uasset" 791
"D:/Work/Projects/GCS/HeavenVR-MasterFolder/HeavenVR2/Content/PN_mediterraneanPlants_II/Textures/MasterTextures/bush_A.uasset" 792
"D:/Work/Projects/GCS/HeavenVR-MasterFolder/HeavenVR2/Content/PN_mediterraneanPlants_II/Materials/MA_Bush.uasset" 793
"D:/Work/Projects/GCS/HeavenVR-MasterFolder/HeavenVR2/Content/PN_mediterraneanPlants_II/Textures/PivotPainter/bush_02_03_VEC.uasset" 794
"D:/Work/Projects/GCS/HeavenVR-MasterFolder/HeavenVR2/Content/PN_mediterraneanPlants_II/Textures/PivotPainter/bush_02_03_PIV.uasset" 795
"D:/Work/Projects/GCS/HeavenVR-MasterFolder/HeavenVR2/Content/PN_mediterraneanPlants_II/Materials/Material_Instances/Bush/MI_bush_02_03.uasset" 796
"D:/Work/Projects/GCS/HeavenVR-MasterFolder/HeavenVR2/Content/PN_mediterraneanPlants_II/Meshes/bush_02_03.uasset" 797
"D:/Work/Projects/GCS/HeavenVR-MasterFolder/HeavenVR2/Content/PN_mediterraneanPlants_II/Textures/PivotPainter/bush_02_02_VEC.uasset" 798
"D:/Work/Projects/GCS/HeavenVR-MasterFolder/HeavenVR2/Content/PN_mediterraneanPlants_II/Textures/PivotPainter/bush_02_02_PIV.uasset" 799
"D:/Work/Projects/GCS/HeavenVR-MasterFolder/HeavenVR2/Content/PN_mediterraneanPlants_II/Materials/Material_Instances/Bush/MI_bush_02_02.uasset" 800
"D:/Work/Projects/GCS/HeavenVR-MasterFolder/HeavenVR2/Content/PN_mediterraneanPlants_II/Meshes/bush_02_02.uasset" 801
"D:/Work/Projects/GCS/HeavenVR-MasterFolder/HeavenVR2/Content/PN_mediterraneanPlants_II/Textures/PivotPainter/bush_02_01_VEC.uasset" 802
"D:/Work/Projects/GCS/HeavenVR-MasterFolder/HeavenVR2/Content/PN_mediterraneanPlants_II/Textures/PivotPainter/bush_02_01_PIV.uasset" 803
"D:/Work/Projects/GCS/HeavenVR-MasterFolder/HeavenVR2/Content/PN_mediterraneanPlants_II/Materials/Material_Instances/Bush/MI_bush_02_01.uasset" 804
"D:/Work/Projects/GCS/HeavenVR-MasterFolder/HeavenVR2/Content/PN_mediterraneanPlants_II/Meshes/bush_02_01.uasset" 805
"D:/Work/Projects/GCS/HeavenVR-MasterFolder/HeavenVR2/Content/PN_mediterraneanPlants_II/Textures/PivotPainter/bush_01_04_VEC.uasset" 806
"D:/Work/Projects/GCS/HeavenVR-MasterFolder/HeavenVR2/Content/PN_mediterraneanPlants_II/Textures/PivotPainter/bush_01_04_PIV.uasset" 807
"D:/Work/Projects/GCS/HeavenVR-MasterFolder/HeavenVR2/Content/PN_mediterraneanPlants_II/Materials/Material_Instances/Bush/MI_bush_01_04.uasset" 808
"D:/Work/Projects/GCS/HeavenVR-MasterFolder/HeavenVR2/Content/PN_mediterraneanPlants_II/Meshes/bush_01_04.uasset" 809
"D:/Work/Projects/GCS/HeavenVR-MasterFolder/HeavenVR2/Content/PN_mediterraneanPlants_II/Textures/PivotPainter/bush_01_03_VEC.uasset" 810
"D:/Work/Projects/GCS/HeavenVR-MasterFolder/HeavenVR2/Content/PN_mediterraneanPlants_II/Textures/PivotPainter/bush_01_03_PIV.uasset" 811
"D:/Work/Projects/GCS/HeavenVR-MasterFolder/HeavenVR2/Content/PN_mediterraneanPlants_II/Materials/Material_Instances/Bush/MI_bush_01_03.uasset" 812
"D:/Work/Projects/GCS/HeavenVR-MasterFolder/HeavenVR2/Content/PN_mediterraneanPlants_II/Meshes/bush_01_03.uasset" 813
"D:/Work/Projects/GCS/HeavenVR-MasterFolder/HeavenVR2/Content/PN_mediterraneanPlants_II/Textures/PivotPainter/bush_01_02_VEC.uasset" 814
"D:/Work/Projects/GCS/HeavenVR-MasterFolder/HeavenVR2/Content/PN_mediterraneanPlants_II/Textures/PivotPainter/bush_01_02_PIV.uasset" 815
"D:/Work/Projects/GCS/HeavenVR-MasterFolder/HeavenVR2/Content/PN_mediterraneanPlants_II/Materials/Material_Instances/Bush/MI_bush_01_02.uasset" 816
"D:/Work/Projects/GCS/HeavenVR-MasterFolder/HeavenVR2/Content/PN_mediterraneanPlants_II/Meshes/bush_01_02.uasset" 817
"D:/Work/Projects/GCS/HeavenVR-MasterFolder/HeavenVR2/Content/PN_mediterraneanPlants_II/Textures/PivotPainter/bush_01_01_VEC.uasset" 818
"D:/Work/Projects/GCS/HeavenVR-MasterFolder/HeavenVR2/Content/PN_mediterraneanPlants_II/Textures/PivotPainter/bush_01_01_PIV.uasset" 819
"D:/Work/Projects/GCS/HeavenVR-MasterFolder/HeavenVR2/Content/PN_mediterraneanPlants_II/Materials/Material_Instances/Bush/MI_bush_01_01.uasset" 820
"D:/Work/Projects/GCS/HeavenVR-MasterFolder/HeavenVR2/Content/PN_mediterraneanPlants_II/Meshes/bush_01_01.uasset" 821
"D:/Work/Projects/GCS/HeavenVR-MasterFolder/HeavenVR2/Content/PN_mediterraneanPlants_I/Textures/PivotPainter/grass_02_03_VEC.uasset" 822
"D:/Work/Projects/GCS/HeavenVR-MasterFolder/HeavenVR2/Content/PN_mediterraneanPlants_I/Textures/PivotPainter/grass_02_03_PIV.uasset" 823
"D:/Work/Projects/GCS/HeavenVR-MasterFolder/HeavenVR2/Content/PN_mediterraneanPlants_I/Materials/Material_Instances/Grass/MI_Grass_02_03.uasset" 824
"D:/Work/Projects/GCS/HeavenVR-MasterFolder/HeavenVR2/Content/PN_mediterraneanPlants_I/Meshes/grass_02_03.uasset" 825
"D:/Work/Projects/GCS/HeavenVR-MasterFolder/HeavenVR2/Content/PN_mediterraneanPlants_I/Textures/PivotPainter/grass_02_02_VEC.uasset" 826
"D:/Work/Projects/GCS/HeavenVR-MasterFolder/HeavenVR2/Content/PN_mediterraneanPlants_I/Textures/PivotPainter/grass_02_02_PIV.uasset" 827
"D:/Work/Projects/GCS/HeavenVR-MasterFolder/HeavenVR2/Content/PN_mediterraneanPlants_I/Materials/Material_Instances/Grass/MI_Grass_02_02.uasset" 828
"D:/Work/Projects/GCS/HeavenVR-MasterFolder/HeavenVR2/Content/PN_mediterraneanPlants_I/Meshes/grass_02_02.uasset" 829
"D:/Work/Projects/GCS/HeavenVR-MasterFolder/HeavenVR2/Content/PN_mediterraneanPlants_I/Textures/PivotPainter/grass_02_01_VEC.uasset" 830
"D:/Work/Projects/GCS/HeavenVR-MasterFolder/HeavenVR2/Content/PN_mediterraneanPlants_I/Textures/PivotPainter/grass_02_01_PIV.uasset" 831
"D:/Work/Projects/GCS/HeavenVR-MasterFolder/HeavenVR2/Content/PN_mediterraneanPlants_I/Materials/Material_Instances/Grass/MI_Grass_02_01.uasset" 832
"D:/Work/Projects/GCS/HeavenVR-MasterFolder/HeavenVR2/Content/PN_mediterraneanPlants_I/Meshes/grass_02_01.uasset" 833
"D:/Work/Projects/GCS/HeavenVR-MasterFolder/HeavenVR2/Content/PN_mediterraneanPlants_I/Textures/PivotPainter/grass_01_03_VEC.uasset" 834
"D:/Work/Projects/GCS/HeavenVR-MasterFolder/HeavenVR2/Content/PN_mediterraneanPlants_I/Textures/PivotPainter/grass_01_03_PIV.uasset" 835
"D:/Work/Projects/GCS/HeavenVR-MasterFolder/HeavenVR2/Content/PN_mediterraneanPlants_I/Materials/Material_Instances/Grass/MI_Grass_01_03.uasset" 836
"D:/Work/Projects/GCS/HeavenVR-MasterFolder/HeavenVR2/Content/PN_mediterraneanPlants_I/Meshes/grass_01_03.uasset" 837
"D:/Work/Projects/GCS/HeavenVR-MasterFolder/HeavenVR2/Content/PN_mediterraneanPlants_I/Textures/PivotPainter/grass_01_02_VEC.uasset" 838
"D:/Work/Projects/GCS/HeavenVR-MasterFolder/HeavenVR2/Content/PN_mediterraneanPlants_I/Textures/PivotPainter/grass_01_02_PIV.uasset" 839
"D:/Work/Projects/GCS/HeavenVR-MasterFolder/HeavenVR2/Content/PN_mediterraneanPlants_I/Materials/Material_Instances/Grass/MI_Grass_01_02.uasset" 840
"D:/Work/Projects/GCS/HeavenVR-MasterFolder/HeavenVR2/Content/PN_mediterraneanPlants_I/Meshes/grass_01_02.uasset" 841
"D:/Work/Projects/GCS/HeavenVR-MasterFolder/HeavenVR2/Content/Maps/Heaven3.umap" 842
"../../../Engine/Content/Maps/Entry_BuiltData.uasset" 843
"../../../Engine/Content/Maps/Entry.umap" 844
